2025-12-15 09:27:52,399 - root - INFO - Logging to file: /Users/mini/Documents/GitHub/curriculum/output/logs/02_run_tests_20251215_092752.log
2025-12-15 09:27:52,399 - run_tests - INFO - 
2025-12-15 09:27:52,399 - run_tests - INFO - ðŸ§ª STAGE 02: VALIDATION & COMPREHENSIVE TESTING
2025-12-15 09:27:52,399 - run_tests - INFO - â”€â”€â”€â”€â”€â”€â”€â”€â”€â”€â”€â”€â”€â”€â”€â”€â”€â”€â”€â”€â”€â”€â”€â”€â”€â”€â”€â”€â”€â”€â”€â”€â”€â”€â”€â”€â”€â”€â”€â”€â”€â”€â”€â”€â”€â”€â”€â”€â”€â”€â”€â”€â”€â”€â”€â”€â”€â”€â”€â”€
2025-12-15 09:27:52,399 - run_tests - INFO - ðŸ“„ Log file: output/logs/02_run_tests_20251215_092752.log
2025-12-15 09:27:52,399 - run_tests - INFO - 
2025-12-15 09:27:52,399 - run_tests - INFO - === Configuration Validation ===
2025-12-15 09:27:52,399 - src.config.loader - INFO - Initialized ConfigLoader with directory: /Users/mini/Documents/GitHub/curriculum/config
2025-12-15 09:27:52,400 - src.config.loader - INFO - Course configuration validated successfully
2025-12-15 09:27:52,411 - src.config.loader - INFO - All configurations validated successfully
2025-12-15 09:27:52,411 - run_tests - INFO - âœ“ Configuration validated
2025-12-15 09:27:52,417 - run_tests - INFO - âœ“ Ollama reachable
2025-12-15 09:27:52,417 - run_tests - INFO - 
2025-12-15 09:27:52,417 - run_tests - INFO - ======================================================================
2025-12-15 09:27:52,417 - run_tests - INFO - Running modular test suite with pytest...
2025-12-15 09:27:52,417 - run_tests - INFO - ======================================================================
2025-12-15 09:27:52,417 - run_tests - INFO - Running all tests including Ollama integration tests
2025-12-15 09:27:53,853 - run_tests - INFO - Discovered 588 tests in 27 files (method: parsed)
2025-12-15 09:27:53,853 - run_tests - INFO - Running: uv run pytest -v --tb=short --durations 10 --cov=src --cov-report=term-missing:skip-covered --cov-report=html -vv
2025-12-15 09:34:07,831 - run_tests - INFO - ======================================================================
2025-12-15 09:34:07,831 - run_tests - INFO - TEST RESULTS BY MODULE
2025-12-15 09:34:07,831 - run_tests - INFO - ======================================================================
2025-12-15 09:34:07,831 - run_tests - INFO - âœ“ test_batch_processor           | Total:  14 | Passed:  14 | Failed:   0 | Skipped:   0
2025-12-15 09:34:07,831 - run_tests - INFO - âœ“ test_cleanup                   | Total:  62 | Passed:  62 | Failed:   0 | Skipped:   0
2025-12-15 09:34:07,831 - run_tests - INFO - âœ“ test_config_loader             | Total:  38 | Passed:  38 | Failed:   0 | Skipped:   0
2025-12-15 09:34:07,831 - run_tests - INFO - âœ“ test_content_analysis          | Total:  83 | Passed:  83 | Failed:   0 | Skipped:   0
2025-12-15 09:34:07,831 - run_tests - INFO - âœ— test_content_generators        | Total:  13 | Passed:   8 | Failed:   1 | Skipped:   4
2025-12-15 09:34:07,831 - run_tests - INFO - âœ“ test_error_collector           | Total:  15 | Passed:  15 | Failed:   0 | Skipped:   0
2025-12-15 09:34:07,831 - run_tests - INFO - âœ“ test_helpers_extended          | Total:  14 | Passed:  14 | Failed:   0 | Skipped:   0
2025-12-15 09:34:07,831 - run_tests - INFO - âœ“ test_json_outline_integration  | Total:  10 | Passed:  10 | Failed:   0 | Skipped:   0
2025-12-15 09:34:07,831 - run_tests - INFO - âœ— test_llm_client                | Total:  53 | Passed:  23 | Failed:   2 | Skipped:  28
2025-12-15 09:34:07,831 - run_tests - INFO - âœ“ test_llm_client_timeouts       | Total:  10 | Passed:   5 | Failed:   0 | Skipped:   5
2025-12-15 09:34:07,831 - run_tests - INFO - âœ“ test_logging_setup             | Total:  38 | Passed:  38 | Failed:   0 | Skipped:   0
2025-12-15 09:34:07,831 - run_tests - INFO - âœ“ test_new_generators            | Total:   7 | Passed:   4 | Failed:   0 | Skipped:   3
2025-12-15 09:34:07,831 - run_tests - INFO - âœ“ test_outline_generator         | Total:  11 | Passed:   9 | Failed:   0 | Skipped:   2
2025-12-15 09:34:07,831 - run_tests - INFO - âœ“ test_outline_generator_noninteractive | Total:  20 | Passed:  20 | Failed:   0 | Skipped:   0
2025-12-15 09:34:07,831 - run_tests - INFO - âœ“ test_parser                    | Total:  14 | Passed:  14 | Failed:   0 | Skipped:   0
2025-12-15 09:34:07,831 - run_tests - INFO - âœ“ test_parser_edge_cases         | Total:  30 | Passed:  30 | Failed:   0 | Skipped:   0
2025-12-15 09:34:07,831 - run_tests - INFO - âœ— test_pipeline                  | Total:  10 | Passed:   3 | Failed:   2 | Skipped:   5
2025-12-15 09:34:07,831 - run_tests - INFO - âœ“ test_pipeline_extended         | Total:  25 | Passed:  25 | Failed:   0 | Skipped:   0
2025-12-15 09:34:07,831 - run_tests - INFO - âœ— test_pipeline_recovery         | Total:   6 | Passed:   2 | Failed:   2 | Skipped:   2
2025-12-15 09:34:07,831 - run_tests - INFO - âœ— test_summary_generator         | Total:   8 | Passed:   3 | Failed:   5 | Skipped:   0
2025-12-15 09:34:07,831 - run_tests - INFO - âœ“ test_utils                     | Total:  20 | Passed:  20 | Failed:   0 | Skipped:   0
2025-12-15 09:34:07,831 - run_tests - INFO - âœ“ test_website_content_loader    | Total:  18 | Passed:  18 | Failed:   0 | Skipped:   0
2025-12-15 09:34:07,831 - run_tests - INFO - âœ“ test_website_generator         | Total:  11 | Passed:  11 | Failed:   0 | Skipped:   0
2025-12-15 09:34:07,831 - run_tests - INFO - âœ“ test_website_scripts           | Total:  13 | Passed:  13 | Failed:   0 | Skipped:   0
2025-12-15 09:34:07,831 - run_tests - INFO - âœ“ test_website_scripts_interaction | Total:  11 | Passed:  11 | Failed:   0 | Skipped:   0
2025-12-15 09:34:07,831 - run_tests - INFO - âœ“ test_website_styles            | Total:   6 | Passed:   6 | Failed:   0 | Skipped:   0
2025-12-15 09:34:07,831 - run_tests - INFO - âœ“ test_website_templates         | Total:  28 | Passed:  28 | Failed:   0 | Skipped:   0
2025-12-15 09:34:07,831 - run_tests - INFO - ======================================================================
2025-12-15 09:34:07,831 - run_tests - INFO - OVERALL TEST SUMMARY
2025-12-15 09:34:07,831 - run_tests - INFO - ======================================================================
2025-12-15 09:34:07,831 - run_tests - INFO - Total Tests:        577
2025-12-15 09:34:07,831 - run_tests - INFO - Passed:             527
2025-12-15 09:34:07,831 - run_tests - INFO - Failed:               1
2025-12-15 09:34:07,831 - run_tests - INFO - Skipped:             49
2025-12-15 09:34:07,831 - run_tests - INFO - Errors:               0
2025-12-15 09:34:07,831 - run_tests - INFO - Warnings:             0
2025-12-15 09:34:07,831 - run_tests - INFO - Duration:           22.16s
2025-12-15 09:34:07,831 - run_tests - INFO - Pass Rate:          91.3%
2025-12-15 09:34:07,831 - run_tests - INFO - ======================================================================
2025-12-15 09:34:07,831 - run_tests - INFO - 
2025-12-15 09:34:07,831 - run_tests - INFO - ======================================================================
2025-12-15 09:34:07,831 - run_tests - INFO - CODE COVERAGE SUMMARY
2025-12-15 09:34:07,831 - run_tests - INFO - ======================================================================
2025-12-15 09:34:07,832 - run_tests - INFO - Coverage HTML written to dir htmlcov
2025-12-15 09:34:07,832 - run_tests - INFO -   src/config/loader.py                             375     91    76%   123-125, 147-164, 183-185, 242-243, 258, 345-346, 353-362, 372-373, 395-396, 469-471, 601-603, 626, 657-659, 663-665, 707-709, 812-821, 835, 855, 861, 866, 885, 891, 897, 907, 914, 920, 927, 946-951, 954-960, 970-988
2025-12-15 09:34:07,832 - run_tests - INFO -   src/generate/formats/diagrams.py                 134     96    28%   71-72, 81-135, 150-287
2025-12-15 09:34:07,832 - run_tests - INFO -   src/generate/formats/labs.py                      85     67    21%   38-210
2025-12-15 09:34:07,832 - run_tests - INFO -   src/generate/formats/lectures.py                 117     99    15%   42-284
2025-12-15 09:34:07,832 - run_tests - INFO -   src/generate/formats/questions.py                156    136    13%   40-335
2025-12-15 09:34:07,832 - run_tests - INFO -   src/generate/formats/study_notes.py              118     99    16%   42-270
2025-12-15 09:34:07,832 - run_tests - INFO -   src/generate/orchestration/batch.py              212     53    75%   88-89, 104, 107-108, 113-114, 118, 140, 148-162, 165-169, 239-245, 249-252, 307-308, 357-358, 360-361, 363-364, 366-367, 391-395, 453
2025-12-15 09:34:07,832 - run_tests - INFO -   src/generate/orchestration/pipeline.py           409    298    27%   128, 166-196, 251-280, 294-296, 302-304, 346-364, 404, 429-776, 784-798, 803-805, 834-868
2025-12-15 09:34:07,832 - run_tests - INFO -   src/generate/processors/cleanup.py               150     15    90%   225-227, 233-234, 238-240, 244-246, 265, 347-350
2025-12-15 09:34:07,832 - run_tests - INFO -   src/generate/processors/parser.py                105      3    97%   91, 167-168
2025-12-15 09:34:07,832 - run_tests - INFO -   src/generate/stages/outline_quality.py           172     35    80%   101, 106, 114, 118-120, 170, 184-187, 213, 260, 274, 288, 298, 336-338, 348-350, 360-362, 375-377, 394-399, 441, 449, 457, 465
2025-12-15 09:34:07,832 - run_tests - INFO -   src/generate/stages/stage1_outline.py            447     84    81%   121-122, 171-172, 176-177, 181-182, 327-328, 346-347, 351-355, 364-365, 367, 383, 467, 486-493, 497, 512-518, 544, 556-576, 584-586, 602-605, 616-618, 621-623, 627, 657-658, 660-661, 666-667, 675, 689, 783-797, 847-855, 889-890, 905-930
2025-12-15 09:34:07,832 - run_tests - INFO -   src/llm/client.py                                400    155    61%   133, 268, 320, 371-386, 389-412, 424-428, 512-520, 532-547, 552-610, 614-620, 623-629, 660-675, 688-708, 719-737, 757-785, 797-817, 825-838, 902-909, 923-924, 928-929, 955-959
2025-12-15 09:34:07,832 - run_tests - INFO -   src/llm/health.py                                102     21    79%   64-66, 133-135, 168-169, 195, 200-204, 226-230, 256-262, 266-269, 291-300
2025-12-15 09:34:07,832 - run_tests - INFO -   src/llm/request_handler.py                        85     14    84%   76, 123-124, 143-149, 182, 192, 231, 236-240
2025-12-15 09:34:07,832 - run_tests - INFO -   src/utils/content_analysis/analyzers.py          459    135    71%   365, 382, 390, 533, 557-558, 565-567, 570-571, 628, 652-653, 660-662, 665-666, 801-802, 869-870, 937-938, 976-1049, 1074-1148, 1166-1210
2025-12-15 09:34:07,832 - run_tests - INFO -   src/utils/content_analysis/consistency.py         93     57    39%   24-40, 56-80, 87-96, 105-109, 144-148, 156-170, 184, 212, 216, 220
2025-12-15 09:34:07,832 - run_tests - INFO -   src/utils/content_analysis/logging.py            136    112    18%   38-39, 46-195
2025-12-15 09:34:07,832 - run_tests - INFO -   src/utils/content_analysis/mermaid.py            119      7    94%   145, 180-182, 184-186
2025-12-15 09:34:07,832 - run_tests - INFO -   src/utils/content_analysis/question_fixes.py      73     65    11%   26-63, 75-123, 135-158, 170-189
2025-12-15 09:34:07,832 - run_tests - INFO -   src/utils/course_selection.py                     55     55     0%   7-94
2025-12-15 09:34:07,832 - run_tests - INFO -   src/utils/error_collector.py                     146     68    53%   327-356, 376-422, 433-468, 481-531
2025-12-15 09:34:07,832 - run_tests - INFO -   src/utils/helpers.py                             122     29    76%   173-174, 188-191, 224-228, 240-243, 252-253, 272, 282, 314, 319-326, 342-345
2025-12-15 09:34:07,832 - run_tests - INFO -   src/utils/logging_setup.py                       166     52    69%   192, 196, 290, 312-313, 342, 364-408, 421-429, 452-455, 484-485
2025-12-15 09:34:07,832 - run_tests - INFO -   src/utils/prompt_helpers.py                       93     93     0%   9-202
2025-12-15 09:34:07,832 - run_tests - INFO -   src/utils/smart_retry.py                         147    105    29%   88-132, 144-180, 197-206, 226-243, 263-307, 318-320, 332-338
2025-12-15 09:34:07,832 - run_tests - INFO -   src/utils/summary_generator.py                   167     18    89%   117, 150-152, 187, 192, 197-199, 230, 239-240, 267-272, 307
2025-12-15 09:34:07,832 - run_tests - INFO -   src/website/content_loader.py                     56      5    91%   76, 133-134, 157-158
2025-12-15 09:34:07,832 - run_tests - INFO -   src/website/generator.py                          78      3    96%   172-177
2025-12-15 09:34:07,832 - run_tests - INFO -   src/website/templates.py                          77      4    95%   35-38, 244
2025-12-15 09:34:07,832 - run_tests - INFO - TOTAL                                           5104   2074    59%
2025-12-15 09:34:07,832 - run_tests - INFO - ======================================================================
2025-12-15 09:34:07,832 - run_tests - INFO - 
2025-12-15 09:34:07,832 - run_tests - INFO - ======================================================================
2025-12-15 09:34:07,832 - run_tests - INFO - FAILURE DETAILS
2025-12-15 09:34:07,832 - run_tests - INFO - ======================================================================
2025-12-15 09:34:07,832 - run_tests - ERROR - 
Failure 1: tests/test_content_generators.py::TestDiagramGenerator::test_generate_diagram FAILED [ 34%]
2025-12-15 09:34:07,832 - run_tests - ERROR -   Error Type: unknown_error
2025-12-15 09:34:07,832 - run_tests - ERROR -   Details:
2025-12-15 09:34:07,832 - run_tests - ERROR -     tests/test_content_generators.py::TestDiagramGenerator::test_save_diagram PASSED [ 34%]
2025-12-15 09:34:07,832 - run_tests - ERROR -     tests/test_content_generators.py::TestQuestionGenerator::test_init PASSED [ 34%]
2025-12-15 09:34:07,832 - run_tests - ERROR -     tests/test_content_generators.py::TestQuestionGenerator::test_generate_questions SKIPPED [ 35%]
2025-12-15 09:34:07,832 - run_tests - ERROR -     tests/test_content_generators.py::TestQuestionGenerator::test_save_questions PASSED [ 35%]
2025-12-15 09:34:07,832 - run_tests - ERROR -     tests/test_content_generators.py::TestQuestionGenerator::test_generate_questions_pre_validation PASSED [ 35%]
2025-12-15 09:34:07,832 - run_tests - ERROR -     ... (54 more lines)
2025-12-15 09:34:07,832 - run_tests - ERROR - 
Failure 2: tests/test_llm_client.py::TestLLMTimeoutHandling::test_stream_timeout_tracking FAILED [ 44%]
2025-12-15 09:34:07,832 - run_tests - ERROR -   Error Type: unknown_error
2025-12-15 09:34:07,832 - run_tests - ERROR -   Details:
2025-12-15 09:34:07,832 - run_tests - ERROR -     tests/test_llm_client.py::TestTemplateVariableHandling::test_template_variable_special_chars PASSED [ 44%]
2025-12-15 09:34:07,832 - run_tests - ERROR -     tests/test_llm_client.py::TestTemplateVariableHandling::test_template_variable_unicode PASSED [ 45%]
2025-12-15 09:34:07,832 - run_tests - ERROR -     tests/test_llm_client.py::TestTemplateVariableHandling::test_template_variable_empty_string PASSED [ 45%]
2025-12-15 09:34:07,832 - run_tests - ERROR -     tests/test_llm_client.py::TestStreamingAndChunking::test_streaming_response_handling SKIPPED [ 45%]
2025-12-15 09:34:07,832 - run_tests - ERROR -     tests/test_llm_client.py::TestConnectionPooling::test_multiple_requests_same_client SKIPPED [ 45%]
2025-12-15 09:34:07,832 - run_tests - ERROR -     ... (15 more lines)
2025-12-15 09:34:07,832 - run_tests - ERROR - 
Failure 3: tests/test_llm_client.py::TestErrorMessages::test_stream_timeout_error_includes_chunks FAILED [ 48%]
2025-12-15 09:34:07,833 - run_tests - ERROR -   Error Type: timeout
2025-12-15 09:34:07,833 - run_tests - ERROR -   Details:
2025-12-15 09:34:07,833 - run_tests - ERROR -     tests/test_llm_client.py::TestHangingRequests::test_timeout_enforcement PASSED [ 48%]
2025-12-15 09:34:07,833 - run_tests - ERROR -     tests/test_llm_client.py::TestHangingRequests::test_connection_timeout_vs_read_timeout PASSED [ 48%]
2025-12-15 09:34:07,833 - run_tests - ERROR -     tests/test_llm_client.py::TestHealthMonitoring::test_health_monitor_initialization PASSED [ 48%]
2025-12-15 09:34:07,833 - run_tests - ERROR -     tests/test_llm_client.py::TestHealthMonitoring::test_service_status_check SKIPPED [ 48%]
2025-12-15 09:34:07,833 - run_tests - ERROR -     tests/test_llm_client.py::TestHealthMonitoring::test_model_status_check SKIPPED [ 49%]
2025-12-15 09:34:07,833 - run_tests - ERROR -     ... (149 more lines)
2025-12-15 09:34:07,833 - run_tests - INFO -   ðŸ’¡ Tip: This test may need a longer timeout or faster model
2025-12-15 09:34:07,833 - run_tests - ERROR - 
Failure 4: tests/test_pipeline.py::TestContentGenerator::test_stage2_with_module_filtering FAILED [ 74%]
2025-12-15 09:34:07,833 - run_tests - ERROR -   Error Type: import_error
2025-12-15 09:34:07,833 - run_tests - ERROR -   Details:
2025-12-15 09:34:07,833 - run_tests - ERROR -     tests/test_pipeline.py::TestContentGenerator::test_stage2_content_structure SKIPPED [ 74%]
2025-12-15 09:34:07,833 - run_tests - INFO -   ðŸ’¡ Tip: Check that all dependencies are installed (uv pip install -e .)
2025-12-15 09:34:07,833 - run_tests - ERROR - 
Failure 5: tests/test_pipeline.py::TestContentGenerator::test_stage2_with_invalid_outline FAILED [ 75%]
2025-12-15 09:34:07,833 - run_tests - ERROR -   Error Type: import_error
2025-12-15 09:34:07,833 - run_tests - ERROR -   Details:
2025-12-15 09:34:07,833 - run_tests - ERROR -     tests/test_pipeline.py::TestContentGenerator::test_pipeline_progress_tracking SKIPPED [ 75%]
2025-12-15 09:34:07,833 - run_tests - ERROR -     tests/test_pipeline_extended.py::TestPipelineMultiModuleGeneration::test_multi_module_generation_all_succeed PASSED [ 75%]
2025-12-15 09:34:07,833 - run_tests - ERROR -     tests/test_pipeline_extended.py::TestPipelineMultiModuleGeneration::test_empty_module_list PASSED [ 75%]
2025-12-15 09:34:07,833 - run_tests - ERROR -     tests/test_pipeline_extended.py::TestPipelineMultiModuleGeneration::test_very_large_module_count PASSED [ 75%]
2025-12-15 09:34:07,833 - run_tests - ERROR -     tests/test_pipeline_extended.py::TestPipelineErrorHandling::test_json_outline_missing_file PASSED [ 75%]
2025-12-15 09:34:07,833 - run_tests - ERROR -     ... (25 more lines)
2025-12-15 09:34:07,833 - run_tests - INFO -   ðŸ’¡ Tip: Check that all dependencies are installed (uv pip install -e .)
2025-12-15 09:34:07,833 - run_tests - ERROR - 
Failure 6: tests/test_pipeline_recovery.py::TestRetryMechanism::test_retry_on_transient_failure FAILED [ 80%]
2025-12-15 09:34:07,833 - run_tests - ERROR -   Error Type: unknown_error
2025-12-15 09:34:07,833 - run_tests - ERROR - 
Failure 7: tests/test_pipeline_recovery.py::TestRetryMechanism::test_no_retry_on_permanent_failure FAILED [ 80%]
2025-12-15 09:34:07,833 - run_tests - ERROR -   Error Type: unknown_error
2025-12-15 09:34:07,833 - run_tests - ERROR -   Details:
2025-12-15 09:34:07,833 - run_tests - ERROR -     tests/test_summary_generator.py::TestSummaryGenerator::test_categorize_errors_by_type <- ../biology/tests/test_summary_generator.py PASSED [ 80%]
2025-12-15 09:34:07,833 - run_tests - ERROR -     tests/test_summary_generator.py::TestSummaryGenerator::test_format_error_list <- ../biology/tests/test_summary_generator.py PASSED [ 80%]
2025-12-15 09:34:07,833 - run_tests - ERROR -     tests/test_summary_generator.py::TestSummaryGenerator::test_format_error_list_max_items <- ../biology/tests/test_summary_generator.py PASSED [ 80%]
2025-12-15 09:34:07,833 - run_tests - ERROR - 
Failure 8: tests/test_summary_generator.py::TestSummaryGenerator::test_generate_validation_summary <- ../biology/tests/test_summary_generator.py FAILED [ 81%]
2025-12-15 09:34:07,833 - run_tests - ERROR -   Error Type: unknown_error
2025-12-15 09:34:07,833 - run_tests - ERROR - 
Failure 9: tests/test_summary_generator.py::TestSummaryGenerator::test_generate_stage_summary_success <- ../biology/tests/test_summary_generator.py FAILED [ 81%]
2025-12-15 09:34:07,833 - run_tests - ERROR -   Error Type: unknown_error
2025-12-15 09:34:07,833 - run_tests - ERROR - 
Failure 10: tests/test_summary_generator.py::TestSummaryGenerator::test_generate_stage_summary_with_issues <- ../biology/tests/test_summary_generator.py FAILED [ 81%]
2025-12-15 09:34:07,833 - run_tests - ERROR -   Error Type: unknown_error
2025-12-15 09:34:07,833 - run_tests - ERROR - 
Failure 11: tests/test_summary_generator.py::TestSummaryGenerator::test_generate_generation_summary <- ../biology/tests/test_summary_generator.py FAILED [ 81%]
2025-12-15 09:34:07,833 - run_tests - ERROR -   Error Type: unknown_error
2025-12-15 09:34:07,833 - run_tests - ERROR - 
Failure 12: tests/test_summary_generator.py::TestSummaryGenerator::test_generate_stage_summary_no_items <- ../biology/tests/test_summary_generator.py FAILED [ 81%]
2025-12-15 09:34:07,833 - run_tests - ERROR -   Error Type: unknown_error
2025-12-15 09:34:07,833 - run_tests - ERROR -   Details:
2025-12-15 09:34:07,833 - run_tests - ERROR -     tests/test_utils.py::TestUtils::test_ensure_directory_creates_new <- ../biology/tests/test_utils.py PASSED [ 81%]
2025-12-15 09:34:07,833 - run_tests - ERROR -     tests/test_utils.py::TestUtils::test_ensure_directory_existing <- ../biology/tests/test_utils.py PASSED [ 82%]
2025-12-15 09:34:07,833 - run_tests - ERROR -     tests/test_utils.py::TestUtils::test_slugify_simple <- ../biology/tests/test_utils.py PASSED [ 82%]
2025-12-15 09:34:07,833 - run_tests - ERROR -     tests/test_utils.py::TestUtils::test_slugify_special_chars <- ../biology/tests/test_utils.py PASSED [ 82%]
2025-12-15 09:34:07,833 - run_tests - ERROR -     tests/test_utils.py::TestUtils::test_slugify_multiple_spaces <- ../biology/tests/test_utils.py PASSED [ 82%]
2025-12-15 09:34:07,833 - run_tests - ERROR -     ... (102 more lines)
2025-12-15 09:34:07,833 - run_tests - ERROR - 
Failure 13: FAILED tests/test_content_generators.py::TestDiagramGenerator::test_generate_diagram - src.llm.client.LLMError: [dia:dc60f6] HTTP error after 0.00s: 404 Client Error: Not Found for url: http://localhost:11434/api/generate
2025-12-15 09:34:07,833 - run_tests - ERROR -   Error Type: import_error
2025-12-15 09:34:07,833 - run_tests - INFO -   ðŸ’¡ Tip: Check that all dependencies are installed (uv pip install -e .)
2025-12-15 09:34:07,833 - run_tests - ERROR - 
Failure 14: FAILED tests/test_llm_client.py::TestLLMTimeoutHandling::test_stream_timeout_tracking - assert False
2025-12-15 09:34:07,833 - run_tests - ERROR -   Error Type: import_error
2025-12-15 09:34:07,833 - run_tests - ERROR -   Details:
2025-12-15 09:34:07,833 - run_tests - ERROR -      +  where False = any(<generator object TestLLMTimeoutHandling.test_stream_timeout_tracking.<locals>.<genexpr> at 0x1111611c0>)
2025-12-15 09:34:07,833 - run_tests - INFO -   ðŸ’¡ Tip: Check that all dependencies are installed (uv pip install -e .)
2025-12-15 09:34:07,833 - run_tests - ERROR - 
Failure 15: FAILED tests/test_llm_client.py::TestErrorMessages::test_stream_timeout_error_includes_chunks - assert False
2025-12-15 09:34:07,833 - run_tests - ERROR -   Error Type: import_error
2025-12-15 09:34:07,833 - run_tests - ERROR -   Details:
2025-12-15 09:34:07,833 - run_tests - ERROR -      +  where False = any(<generator object TestErrorMessages.test_stream_timeout_error_includes_chunks.<locals>.<genexpr> at 0x10be20040>)
2025-12-15 09:34:07,833 - run_tests - INFO -   ðŸ’¡ Tip: Check that all dependencies are installed (uv pip install -e .)
2025-12-15 09:34:07,833 - run_tests - ERROR - 
Failure 16: FAILED tests/test_pipeline.py::TestContentGenerator::test_stage2_with_module_filtering - assert 1 in set()
2025-12-15 09:34:07,833 - run_tests - ERROR -   Error Type: import_error
2025-12-15 09:34:07,833 - run_tests - INFO -   ðŸ’¡ Tip: Check that all dependencies are installed (uv pip install -e .)
2025-12-15 09:34:07,833 - run_tests - ERROR - 
Failure 17: FAILED tests/test_pipeline.py::TestContentGenerator::test_stage2_with_invalid_outline - Failed: DID NOT RAISE <class 'ValueError'>
2025-12-15 09:34:07,833 - run_tests - ERROR -   Error Type: import_error
2025-12-15 09:34:07,833 - run_tests - INFO -   ðŸ’¡ Tip: Check that all dependencies are installed (uv pip install -e .)
2025-12-15 09:34:07,833 - run_tests - ERROR - 
Failure 18: FAILED tests/test_pipeline_recovery.py::TestRetryMechanism::test_retry_on_transient_failure - src.config.loader.ConfigurationError: Config file not found: /private/var/folders/l5/5t5z6z8d0tn3pth_0f7970q40000gn/T/pytest-of-mini/pytest-108/test_retry_on_transient_failur0/config/output_config.yaml
2025-12-15 09:34:07,833 - run_tests - ERROR -   Error Type: import_error
2025-12-15 09:34:07,833 - run_tests - INFO -   ðŸ’¡ Tip: Check that all dependencies are installed (uv pip install -e .)
2025-12-15 09:34:07,833 - run_tests - ERROR - 
Failure 19: FAILED tests/test_pipeline_recovery.py::TestRetryMechanism::test_no_retry_on_permanent_failure - src.config.loader.ConfigurationError: Config file not found: /private/var/folders/l5/5t5z6z8d0tn3pth_0f7970q40000gn/T/pytest-of-mini/pytest-108/test_no_retry_on_permanent_fai0/config/output_config.yaml
2025-12-15 09:34:07,833 - run_tests - ERROR -   Error Type: import_error
2025-12-15 09:34:07,833 - run_tests - INFO -   ðŸ’¡ Tip: Check that all dependencies are installed (uv pip install -e .)
2025-12-15 09:34:07,833 - run_tests - ERROR - 
Failure 20: FAILED tests/test_summary_generator.py::TestSummaryGenerator::test_generate_validation_summary - AssertionError: assert ('[VALIDATION SUMMARY]' in '    1. Critical: Missing question marks' or '[VALIDATION SUMMARY]' in 'WARNING  test:summary_generator.py:115     1. Critical: Missing question marks\n')
2025-12-15 09:34:07,833 - run_tests - ERROR -   Error Type: import_error
2025-12-15 09:34:07,833 - run_tests - INFO -   ðŸ’¡ Tip: Check that all dependencies are installed (uv pip install -e .)
2025-12-15 09:34:07,833 - run_tests - ERROR - 
Failure 21: FAILED tests/test_summary_generator.py::TestSummaryGenerator::test_generate_stage_summary_success - AssertionError: assert ('Test Stage - Summary' in '' or 'Test Stage - Summary' in '')
2025-12-15 09:34:07,833 - run_tests - ERROR -   Error Type: import_error
2025-12-15 09:34:07,833 - run_tests - INFO -   ðŸ’¡ Tip: Check that all dependencies are installed (uv pip install -e .)
2025-12-15 09:34:07,833 - run_tests - ERROR - 
Failure 22: FAILED tests/test_summary_generator.py::TestSummaryGenerator::test_generate_stage_summary_with_issues - AssertionError: assert ('Test Stage - Summary' in '    1. Critical issue 1\n       Context: Module 1 Session 1\n    - Review and fix critical issues before proceeding\n    - Consider regenerating content with issues' or 'Test Stage - Summary' in 'WARNING  test:summary_generator.py:226     1. Critical issue 1\nWARNING  test:summary_generator.py:228        Context: Module 1 Session 1\nWARNING  test:summary_generator.py:236     - Review and fix critical issues before proceeding\nWARNING  test:summary_generator.py:237     - Consider regenerating content with issues\n')
2025-12-15 09:34:07,833 - run_tests - ERROR -   Error Type: assertion_failure
2025-12-15 09:34:07,833 - run_tests - INFO -   ðŸ’¡ Tip: Review the expected vs actual values above
2025-12-15 09:34:07,833 - run_tests - ERROR - 
Failure 23: FAILED tests/test_summary_generator.py::TestSummaryGenerator::test_generate_generation_summary - AssertionError: assert ('Generation Complete' in '    1. Test error' or 'Generation Complete' in 'WARNING  test:summary_generator.py:305     1. Test error\n')
2025-12-15 09:34:07,833 - run_tests - ERROR -   Error Type: assertion_failure
2025-12-15 09:34:07,833 - run_tests - INFO -   ðŸ’¡ Tip: Review the expected vs actual values above
2025-12-15 09:34:07,833 - run_tests - ERROR - 
Failure 24: FAILED tests/test_summary_generator.py::TestSummaryGenerator::test_generate_stage_summary_no_items - AssertionError: assert ('Test Stage - Summary' in '' or 'Test Stage - Summary' in '')
2025-12-15 09:34:07,833 - run_tests - ERROR -   Error Type: assertion_failure
2025-12-15 09:34:07,833 - run_tests - INFO -   ðŸ’¡ Tip: Review the expected vs actual values above
2025-12-15 09:34:07,833 - run_tests - INFO - ======================================================================
2025-12-15 09:34:07,833 - run_tests - ERROR - âœ— TESTS FAILED (exit code 1)
2025-12-15 09:34:07,833 - run_tests - INFO - ðŸ’¡ Full output saved to: /Users/mini/Documents/GitHub/curriculum/scripts/test_reports/test_results_20251215_093407.log
2025-12-15 09:34:07,834 - run_tests - INFO - ======================================================================
2025-12-15 09:34:07,834 - run_tests - INFO - 
2025-12-15 09:34:07,834 - run_tests - INFO - ======================================================================
2025-12-15 09:34:07,834 - run_tests - INFO - === STAGE 02 COMPLETE ===
2025-12-15 09:34:07,834 - run_tests - INFO - ======================================================================
2025-12-15 09:34:07,834 - run_tests - ERROR - âœ— Some tests failed
2025-12-15 09:34:07,834 - run_tests - INFO -   Fix failing tests before proceeding to content generation
