warning: `VIRTUAL_ENV=/Users/mini/.venvs/py314` does not match the project environment path `.venv` and will be ignored; use `--active` to target the active environment instead
============================= test session starts ==============================
platform darwin -- Python 3.14.2, pytest-9.0.2, pluggy-1.6.0 -- /Users/mini/.venvs/py314/bin/python
cachedir: .pytest_cache
rootdir: /Users/mini/Documents/GitHub/curriculum
configfile: pyproject.toml
plugins: anyio-4.12.0, xdist-3.8.0, asyncio-1.3.0, cov-7.0.0
asyncio: mode=Mode.STRICT, debug=False, asyncio_default_fixture_loop_scope=None, asyncio_default_test_loop_scope=function
collecting ... collected 429 items

tests/test_config_loader.py::TestConfigLoader::test_init_with_valid_path <- ../biology/tests/test_config_loader.py PASSED [  0%]
tests/test_config_loader.py::TestConfigLoader::test_init_with_invalid_path <- ../biology/tests/test_config_loader.py PASSED [  0%]
tests/test_config_loader.py::TestConfigLoader::test_load_course_config <- ../biology/tests/test_config_loader.py PASSED [  0%]
tests/test_config_loader.py::TestConfigLoader::test_load_llm_config <- ../biology/tests/test_config_loader.py PASSED [  0%]
tests/test_config_loader.py::TestConfigLoader::test_load_output_config <- ../biology/tests/test_config_loader.py PASSED [  1%]
tests/test_config_loader.py::TestConfigLoader::test_get_course_info <- ../biology/tests/test_config_loader.py PASSED [  1%]
tests/test_config_loader.py::TestConfigLoader::test_get_modules_without_outline <- ../biology/tests/test_config_loader.py PASSED [  1%]
tests/test_config_loader.py::TestConfigLoader::test_get_module_by_id_without_outline <- ../biology/tests/test_config_loader.py PASSED [  1%]
tests/test_config_loader.py::TestConfigLoader::test_get_course_defaults <- ../biology/tests/test_config_loader.py PASSED [  2%]
tests/test_config_loader.py::TestConfigLoader::test_get_llm_parameters <- ../biology/tests/test_config_loader.py PASSED [  2%]
tests/test_config_loader.py::TestConfigLoader::test_get_prompt_template <- ../biology/tests/test_config_loader.py PASSED [  2%]
tests/test_config_loader.py::TestConfigLoader::test_get_prompt_template_not_found <- ../biology/tests/test_config_loader.py PASSED [  2%]
tests/test_config_loader.py::TestConfigLoader::test_get_output_paths <- ../biology/tests/test_config_loader.py PASSED [  3%]
tests/test_config_loader.py::TestConfigLoader::test_validate_course_config_valid <- ../biology/tests/test_config_loader.py PASSED [  3%]
tests/test_config_loader.py::TestConfigLoader::test_validate_course_config_missing_field <- ../biology/tests/test_config_loader.py PASSED [  3%]
tests/test_config_loader.py::TestConfigLoader::test_missing_config_file <- ../biology/tests/test_config_loader.py PASSED [  3%]
tests/test_config_loader.py::TestConfigLoader::test_find_latest_outline_json_explicit_path <- ../biology/tests/test_config_loader.py PASSED [  3%]
tests/test_config_loader.py::TestConfigLoader::test_find_latest_outline_json_not_found <- ../biology/tests/test_config_loader.py PASSED [  4%]
tests/test_config_loader.py::TestConfigLoader::test_get_modules_from_outline_with_valid_json <- ../biology/tests/test_config_loader.py PASSED [  4%]
tests/test_config_loader.py::TestConfigLoader::test_get_modules_from_outline_invalid_json <- ../biology/tests/test_config_loader.py PASSED [  4%]
tests/test_config_loader.py::TestConfigLoader::test_get_module_by_id_from_outline <- ../biology/tests/test_config_loader.py PASSED [  4%]
tests/test_config_loader.py::TestConfigLoader::test_get_module_by_id_from_outline_not_found <- ../biology/tests/test_config_loader.py PASSED [  5%]
tests/test_config_loader.py::TestConfigLoader::test_malformed_yaml_syntax_error <- ../biology/tests/test_config_loader.py PASSED [  5%]
tests/test_config_loader.py::TestConfigLoader::test_missing_llm_model_field <- ../biology/tests/test_config_loader.py PASSED [  5%]
tests/test_config_loader.py::TestConfigLoader::test_default_value_application <- ../biology/tests/test_config_loader.py PASSED [  5%]
tests/test_config_loader.py::TestConfigLoader::test_outline_discovery_multiple_locations <- ../biology/tests/test_config_loader.py PASSED [  6%]
tests/test_config_loader.py::TestConfigLoader::test_outline_discovery_prefers_recent <- ../biology/tests/test_config_loader.py PASSED [  6%]
tests/test_config_loader.py::TestConfigLoader::test_empty_json_outline <- ../biology/tests/test_config_loader.py PASSED [  6%]
tests/test_config_loader.py::TestConfigLoader::test_outline_missing_required_fields <- ../biology/tests/test_config_loader.py PASSED [  6%]
tests/test_config_loader.py::TestConfigLoader::test_concurrent_config_loading <- ../biology/tests/test_config_loader.py PASSED [  6%]
tests/test_config_loader.py::TestConfigLoader::test_cache_invalidation <- ../biology/tests/test_config_loader.py PASSED [  7%]
tests/test_config_loader.py::TestConfigLoader::test_yaml_with_unicode <- ../biology/tests/test_config_loader.py PASSED [  7%]
tests/test_config_loader.py::TestConfigLoader::test_config_file_permissions_error <- ../biology/tests/test_config_loader.py PASSED [  7%]
tests/test_config_loader.py::TestConfigLoader::test_get_module_by_id_type_conversion <- ../biology/tests/test_config_loader.py PASSED [  7%]
tests/test_config_loader.py::TestConfigLoader::test_get_logging_intervals_with_config <- ../biology/tests/test_config_loader.py PASSED [  8%]
tests/test_config_loader.py::TestConfigLoader::test_get_logging_intervals_defaults <- ../biology/tests/test_config_loader.py PASSED [  8%]
tests/test_config_loader.py::TestConfigLoader::test_get_logging_intervals_invalid_values <- ../biology/tests/test_config_loader.py PASSED [  8%]
tests/test_config_loader.py::TestConfigLoader::test_get_logging_intervals_missing_output_config <- ../biology/tests/test_config_loader.py PASSED [  8%]
tests/test_parser.py::TestOutlineParser::test_init <- ../biology/tests/test_parser.py PASSED [  9%]
tests/test_parser.py::TestOutlineParser::test_parse_modules <- ../biology/tests/test_parser.py PASSED [  9%]
tests/test_parser.py::TestOutlineParser::test_extract_metadata <- ../biology/tests/test_parser.py PASSED [  9%]
tests/test_parser.py::TestOutlineParser::test_get_module_count <- ../biology/tests/test_parser.py PASSED [  9%]
tests/test_parser.py::TestOutlineParser::test_get_module_by_index <- ../biology/tests/test_parser.py PASSED [ 10%]
tests/test_parser.py::TestOutlineParser::test_get_module_by_index_invalid <- ../biology/tests/test_parser.py PASSED [ 10%]
tests/test_parser.py::TestOutlineParser::test_extract_subtopics <- ../biology/tests/test_parser.py PASSED [ 10%]
tests/test_parser.py::TestOutlineParser::test_extract_objectives <- ../biology/tests/test_parser.py PASSED [ 10%]
tests/test_parser.py::TestOutlineParser::test_parse_minimal_outline <- ../biology/tests/test_parser.py PASSED [ 10%]
tests/test_parser.py::TestOutlineParser::test_to_dict <- ../biology/tests/test_parser.py PASSED [ 11%]
tests/test_parser.py::TestOutlineParser::test_empty_outline <- ../biology/tests/test_parser.py PASSED [ 11%]
tests/test_parser.py::TestOutlineParser::test_outline_without_modules <- ../biology/tests/test_parser.py PASSED [ 11%]
tests/test_parser.py::TestOutlineParser::test_get_course_title <- ../biology/tests/test_parser.py PASSED [ 11%]
tests/test_parser.py::TestOutlineParser::test_get_course_title_no_title <- ../biology/tests/test_parser.py PASSED [ 12%]
tests/test_parser_edge_cases.py::TestMalformedMarkdown::test_malformed_markdown_headers <- ../biology/tests/test_parser_edge_cases.py PASSED [ 12%]
tests/test_parser_edge_cases.py::TestMalformedMarkdown::test_missing_module_section <- ../biology/tests/test_parser_edge_cases.py PASSED [ 12%]
tests/test_parser_edge_cases.py::TestMalformedMarkdown::test_missing_metadata_section <- ../biology/tests/test_parser_edge_cases.py PASSED [ 12%]
tests/test_parser_edge_cases.py::TestUnexpectedContent::test_extra_unexpected_sections <- ../biology/tests/test_parser_edge_cases.py PASSED [ 13%]
tests/test_parser_edge_cases.py::TestUnexpectedContent::test_nested_bullet_points <- ../biology/tests/test_parser_edge_cases.py PASSED [ 13%]
tests/test_parser_edge_cases.py::TestUnicodeHandling::test_unicode_in_headers <- ../biology/tests/test_parser_edge_cases.py PASSED [ 13%]
tests/test_parser_edge_cases.py::TestUnicodeHandling::test_unicode_in_content <- ../biology/tests/test_parser_edge_cases.py PASSED [ 13%]
tests/test_parser_edge_cases.py::TestLargeOutlines::test_very_large_outline_50_modules <- ../biology/tests/test_parser_edge_cases.py PASSED [ 13%]
tests/test_parser_edge_cases.py::TestEmptyAndInvalid::test_empty_module_name <- ../biology/tests/test_parser_edge_cases.py PASSED [ 14%]
tests/test_parser_edge_cases.py::TestEmptyAndInvalid::test_duplicate_module_ids <- ../biology/tests/test_parser_edge_cases.py PASSED [ 14%]
tests/test_parser_edge_cases.py::TestListFormatting::test_malformed_bullet_lists <- ../biology/tests/test_parser_edge_cases.py PASSED [ 14%]
tests/test_parser_edge_cases.py::TestListFormatting::test_mixed_list_styles <- ../biology/tests/test_parser_edge_cases.py PASSED [ 14%]
tests/test_parser_edge_cases.py::TestCodeAndSpecialBlocks::test_code_blocks_in_content <- ../biology/tests/test_parser_edge_cases.py PASSED [ 15%]
tests/test_parser_edge_cases.py::TestCodeAndSpecialBlocks::test_links_in_content <- ../biology/tests/test_parser_edge_cases.py PASSED [ 15%]
tests/test_parser_edge_cases.py::TestCodeAndSpecialBlocks::test_special_characters_escaping <- ../biology/tests/test_parser_edge_cases.py PASSED [ 15%]
tests/test_parser_edge_cases.py::TestWhitespaceHandling::test_excessive_blank_lines <- ../biology/tests/test_parser_edge_cases.py PASSED [ 15%]
tests/test_parser_edge_cases.py::TestWhitespaceHandling::test_mixed_line_endings <- ../biology/tests/test_parser_edge_cases.py PASSED [ 16%]
tests/test_parser_edge_cases.py::TestWhitespaceHandling::test_tabs_vs_spaces_indentation <- ../biology/tests/test_parser_edge_cases.py PASSED [ 16%]
tests/test_parser_edge_cases.py::TestBoundaryConditions::test_empty_outline <- ../biology/tests/test_parser_edge_cases.py PASSED [ 16%]
tests/test_parser_edge_cases.py::TestBoundaryConditions::test_whitespace_only_outline <- ../biology/tests/test_parser_edge_cases.py PASSED [ 16%]
tests/test_parser_edge_cases.py::TestBoundaryConditions::test_single_character_outline <- ../biology/tests/test_parser_edge_cases.py PASSED [ 17%]
tests/test_parser_edge_cases.py::TestContentExtraction::test_extract_subtopics_various_formats <- ../biology/tests/test_parser_edge_cases.py PASSED [ 17%]
tests/test_parser_edge_cases.py::TestContentExtraction::test_extract_with_inline_formatting <- ../biology/tests/test_parser_edge_cases.py PASSED [ 17%]
tests/test_parser_edge_cases.py::TestStructureValidation::test_modules_without_content <- ../biology/tests/test_parser_edge_cases.py PASSED [ 17%]
tests/test_parser_edge_cases.py::TestStructureValidation::test_content_before_first_module <- ../biology/tests/test_parser_edge_cases.py PASSED [ 17%]
tests/test_parser_edge_cases.py::TestRobustness::test_very_long_module_names <- ../biology/tests/test_parser_edge_cases.py PASSED [ 18%]
tests/test_parser_edge_cases.py::TestRobustness::test_special_unicode_ranges <- ../biology/tests/test_parser_edge_cases.py PASSED [ 18%]
tests/test_parser_edge_cases.py::TestRobustness::test_html_tags_in_markdown <- ../biology/tests/test_parser_edge_cases.py PASSED [ 18%]
tests/test_parser_edge_cases.py::TestErrorRecovery::test_recovery_from_malformed_section <- ../biology/tests/test_parser_edge_cases.py PASSED [ 18%]
tests/test_parser_edge_cases.py::TestErrorRecovery::test_mixed_valid_invalid_content <- ../biology/tests/test_parser_edge_cases.py PASSED [ 19%]
tests/test_utils.py::TestUtils::test_ensure_directory_creates_new <- ../biology/tests/test_utils.py PASSED [ 19%]
tests/test_utils.py::TestUtils::test_ensure_directory_existing <- ../biology/tests/test_utils.py PASSED [ 19%]
tests/test_utils.py::TestUtils::test_slugify_simple <- ../biology/tests/test_utils.py PASSED [ 19%]
tests/test_utils.py::TestUtils::test_slugify_special_chars <- ../biology/tests/test_utils.py PASSED [ 20%]
tests/test_utils.py::TestUtils::test_slugify_multiple_spaces <- ../biology/tests/test_utils.py PASSED [ 20%]
tests/test_utils.py::TestUtils::test_slugify_numbers <- ../biology/tests/test_utils.py PASSED [ 20%]
tests/test_utils.py::TestUtils::test_save_and_load_markdown <- ../biology/tests/test_utils.py PASSED [ 20%]
tests/test_utils.py::TestUtils::test_save_markdown_creates_dirs <- ../biology/tests/test_utils.py PASSED [ 20%]
tests/test_utils.py::TestUtils::test_load_markdown_nonexistent <- ../biology/tests/test_utils.py PASSED [ 21%]
tests/test_utils.py::TestUtils::test_format_timestamp <- ../biology/tests/test_utils.py PASSED [ 21%]
tests/test_utils.py::TestUtils::test_format_timestamp_current <- ../biology/tests/test_utils.py PASSED [ 21%]
tests/test_utils.py::TestUtils::test_sanitize_filename_simple <- ../biology/tests/test_utils.py PASSED [ 21%]
tests/test_utils.py::TestUtils::test_sanitize_filename_special_chars <- ../biology/tests/test_utils.py PASSED [ 22%]
tests/test_utils.py::TestUtils::test_sanitize_filename_spaces <- ../biology/tests/test_utils.py PASSED [ 22%]
tests/test_utils.py::TestUtils::test_sanitize_filename_preserves_extension <- ../biology/tests/test_utils.py PASSED [ 22%]
tests/test_utils.py::TestUtils::test_file_operation_permission_error <- ../biology/tests/test_utils.py PASSED [ 22%]
tests/test_utils.py::TestUtils::test_sanitize_path_traversal <- ../biology/tests/test_utils.py PASSED [ 23%]
tests/test_utils.py::TestUtils::test_ensure_directory_race_condition <- ../biology/tests/test_utils.py PASSED [ 23%]
tests/test_utils.py::TestUtils::test_save_markdown_with_encoding <- ../biology/tests/test_utils.py PASSED [ 23%]
tests/test_utils.py::TestUtils::test_slugify_very_long_strings <- ../biology/tests/test_utils.py PASSED [ 23%]
tests/test_helpers_extended.py::TestFormatModuleFilename::test_format_module_filename_simple <- ../biology/tests/test_helpers_extended.py PASSED [ 24%]
tests/test_helpers_extended.py::TestFormatModuleFilename::test_format_module_filename_with_suffix <- ../biology/tests/test_helpers_extended.py PASSED [ 24%]
tests/test_helpers_extended.py::TestFormatModuleFilename::test_format_module_filename_special_chars <- ../biology/tests/test_helpers_extended.py PASSED [ 24%]
tests/test_helpers_extended.py::TestTimestampFormatting::test_format_timestamp_with_datetime <- ../biology/tests/test_helpers_extended.py PASSED [ 24%]
tests/test_helpers_extended.py::TestTimestampFormatting::test_format_timestamp_current <- ../biology/tests/test_helpers_extended.py PASSED [ 24%]
tests/test_helpers_extended.py::TestSanitizeFilenameEdgeCases::test_sanitize_filename_unicode <- ../biology/tests/test_helpers_extended.py PASSED [ 25%]
tests/test_helpers_extended.py::TestSanitizeFilenameEdgeCases::test_sanitize_filename_multiple_dots <- ../biology/tests/test_helpers_extended.py PASSED [ 25%]
tests/test_helpers_extended.py::TestSanitizeFilenameEdgeCases::test_sanitize_filename_empty_extension <- ../biology/tests/test_helpers_extended.py PASSED [ 25%]
tests/test_helpers_extended.py::TestSlugifyUnicode::test_slugify_unicode_to_ascii <- ../biology/tests/test_helpers_extended.py PASSED [ 25%]
tests/test_helpers_extended.py::TestSlugifyUnicode::test_slugify_mixed_unicode_ascii <- ../biology/tests/test_helpers_extended.py PASSED [ 26%]
tests/test_helpers_extended.py::TestErrorRecovery::test_load_markdown_corrupted_encoding <- ../biology/tests/test_helpers_extended.py PASSED [ 26%]
tests/test_helpers_extended.py::TestErrorRecovery::test_ensure_directory_with_file_conflict <- ../biology/tests/test_helpers_extended.py PASSED [ 26%]
tests/test_helpers_extended.py::TestTimezoneHandling::test_format_timestamp_timezone_aware <- ../biology/tests/test_helpers_extended.py PASSED [ 26%]
tests/test_helpers_extended.py::TestTimezoneHandling::test_format_timestamp_naive_datetime <- ../biology/tests/test_helpers_extended.py PASSED [ 27%]
tests/test_cleanup.py::TestCleanConversationalArtifacts::test_remove_okay_heres <- ../biology/tests/test_cleanup.py PASSED [ 27%]
tests/test_cleanup.py::TestCleanConversationalArtifacts::test_remove_alright <- ../biology/tests/test_cleanup.py PASSED [ 27%]
tests/test_cleanup.py::TestCleanConversationalArtifacts::test_remove_sure <- ../biology/tests/test_cleanup.py PASSED [ 27%]
tests/test_cleanup.py::TestCleanConversationalArtifacts::test_remove_would_you_like <- ../biology/tests/test_cleanup.py PASSED [ 27%]
tests/test_cleanup.py::TestCleanConversationalArtifacts::test_remove_let_me_know <- ../biology/tests/test_cleanup.py PASSED [ 28%]
tests/test_cleanup.py::TestCleanConversationalArtifacts::test_multiple_artifacts <- ../biology/tests/test_cleanup.py PASSED [ 28%]
tests/test_cleanup.py::TestCleanConversationalArtifacts::test_no_artifacts <- ../biology/tests/test_cleanup.py PASSED [ 28%]
tests/test_cleanup.py::TestCleanConversationalArtifacts::test_case_insensitive <- ../biology/tests/test_cleanup.py PASSED [ 28%]
tests/test_cleanup.py::TestStandardizePlaceholders::test_replace_instructor_name <- ../biology/tests/test_cleanup.py PASSED [ 29%]
tests/test_cleanup.py::TestStandardizePlaceholders::test_replace_professor_name <- ../biology/tests/test_cleanup.py PASSED [ 29%]
tests/test_cleanup.py::TestStandardizePlaceholders::test_replace_date_month_format <- ../biology/tests/test_cleanup.py PASSED [ 29%]
tests/test_cleanup.py::TestStandardizePlaceholders::test_replace_date_slash_format <- ../biology/tests/test_cleanup.py PASSED [ 29%]
tests/test_cleanup.py::TestStandardizePlaceholders::test_replace_date_iso_format <- ../biology/tests/test_cleanup.py PASSED [ 30%]
tests/test_cleanup.py::TestStandardizePlaceholders::test_multiple_names_and_dates <- ../biology/tests/test_cleanup.py PASSED [ 30%]
tests/test_cleanup.py::TestStandardizePlaceholders::test_no_placeholders <- ../biology/tests/test_cleanup.py PASSED [ 30%]
tests/test_cleanup.py::TestValidateContent::test_valid_content <- ../biology/tests/test_cleanup.py PASSED [ 30%]
tests/test_cleanup.py::TestValidateContent::test_detect_conversational_artifacts <- ../biology/tests/test_cleanup.py PASSED [ 31%]
tests/test_cleanup.py::TestValidateContent::test_detect_specific_names <- ../biology/tests/test_cleanup.py PASSED [ 31%]
tests/test_cleanup.py::TestValidateContent::test_detect_specific_dates <- ../biology/tests/test_cleanup.py PASSED [ 31%]
tests/test_cleanup.py::TestValidateContent::test_validate_questions_with_answers <- ../biology/tests/test_cleanup.py PASSED [ 31%]
tests/test_cleanup.py::TestValidateContent::test_validate_questions_missing_answers <- ../biology/tests/test_cleanup.py PASSED [ 31%]
tests/test_cleanup.py::TestValidateContent::test_issue_examples_limited <- ../biology/tests/test_cleanup.py PASSED [ 32%]
tests/test_cleanup.py::TestFullCleanupPipeline::test_full_cleanup_removes_artifacts <- ../biology/tests/test_cleanup.py PASSED [ 32%]
tests/test_cleanup.py::TestFullCleanupPipeline::test_full_cleanup_standardizes_placeholders <- ../biology/tests/test_cleanup.py PASSED [ 32%]
tests/test_cleanup.py::TestFullCleanupPipeline::test_validation_after_cleanup <- ../biology/tests/test_cleanup.py PASSED [ 32%]
tests/test_cleanup.py::TestFullCleanupPipeline::test_cleanup_preserves_content <- ../biology/tests/test_cleanup.py PASSED [ 33%]
tests/test_cleanup.py::TestBatchValidateMaterials::test_batch_validate_all_valid <- ../biology/tests/test_cleanup.py PASSED [ 33%]
tests/test_cleanup.py::TestBatchValidateMaterials::test_batch_validate_with_issues <- ../biology/tests/test_cleanup.py PASSED [ 33%]
tests/test_cleanup.py::TestBatchValidateMaterials::test_batch_validate_empty <- ../biology/tests/test_cleanup.py PASSED [ 33%]
tests/test_cleanup.py::TestBatchValidateMaterials::test_batch_validate_different_content_types <- ../biology/tests/test_cleanup.py PASSED [ 34%]
tests/test_cleanup.py::TestEdgeCases::test_empty_content <- ../biology/tests/test_cleanup.py PASSED [ 34%]
tests/test_cleanup.py::TestEdgeCases::test_whitespace_only <- ../biology/tests/test_cleanup.py PASSED [ 34%]
tests/test_cleanup.py::TestEdgeCases::test_very_long_content <- ../biology/tests/test_cleanup.py PASSED [ 34%]
tests/test_cleanup.py::TestEdgeCases::test_special_characters_preserved <- ../biology/tests/test_cleanup.py PASSED [ 34%]
tests/test_cleanup.py::TestEdgeCases::test_unicode_content <- ../biology/tests/test_cleanup.py PASSED [ 35%]
tests/test_cleanup.py::TestBatchValidationAdvanced::test_batch_validation_mixed_results <- ../biology/tests/test_cleanup.py PASSED [ 35%]
tests/test_cleanup.py::TestFullCleanupPipelineComprehensive::test_full_cleanup_pipeline_all_steps <- ../biology/tests/test_cleanup.py PASSED [ 35%]
tests/test_cleanup.py::TestUnicodePreservation::test_unicode_preservation_in_cleanup <- ../biology/tests/test_cleanup.py PASSED [ 35%]
tests/test_cleanup.py::TestLargeContentHandling::test_very_long_content_100kb <- ../biology/tests/test_cleanup.py PASSED [ 36%]
tests/test_cleanup.py::TestWhitespaceEdgeCases::test_whitespace_only_content_cleanup <- ../biology/tests/test_cleanup.py PASSED [ 36%]
tests/test_cleanup.py::TestWhitespaceEdgeCases::test_content_with_excessive_whitespace <- ../biology/tests/test_cleanup.py PASSED [ 36%]
tests/test_cleanup.py::TestMultiplePlaceholders::test_multiple_placeholders_same_text <- ../biology/tests/test_cleanup.py PASSED [ 36%]
tests/test_cleanup.py::TestCodeBlockPreservation::test_cleanup_preserves_code_blocks <- ../biology/tests/test_cleanup.py PASSED [ 37%]
tests/test_cleanup.py::TestQuotedTextPreservation::test_cleanup_preserves_quotes <- ../biology/tests/test_cleanup.py PASSED [ 37%]
tests/test_cleanup.py::TestValidationExtensibility::test_validation_different_content_types <- ../biology/tests/test_cleanup.py PASSED [ 37%]
tests/test_cleanup.py::TestValidationExtensibility::test_validation_provides_actionable_feedback <- ../biology/tests/test_cleanup.py PASSED [ 37%]
tests/test_cleanup.py::TestCleanupRobustness::test_cleanup_with_mixed_line_endings <- ../biology/tests/test_cleanup.py PASSED [ 37%]
tests/test_cleanup.py::TestCleanupRobustness::test_cleanup_with_null_bytes <- ../biology/tests/test_cleanup.py PASSED [ 38%]
tests/test_cleanup.py::TestCleanupRobustness::test_cleanup_idempotency <- ../biology/tests/test_cleanup.py PASSED [ 38%]
tests/test_cleanup.py::TestErrorHandlingInCleanup::test_cleanup_with_malformed_regex_patterns <- ../biology/tests/test_cleanup.py PASSED [ 38%]
tests/test_cleanup.py::TestNewConversationalPatterns::test_remove_okay_i_understand <- ../biology/tests/test_cleanup.py PASSED [ 38%]
tests/test_cleanup.py::TestNewConversationalPatterns::test_remove_i_have_carefully_adhered <- ../biology/tests/test_cleanup.py PASSED [ 39%]
tests/test_cleanup.py::TestNewConversationalPatterns::test_remove_the_output_following <- ../biology/tests/test_cleanup.py PASSED [ 39%]
tests/test_cleanup.py::TestNewConversationalPatterns::test_remove_the_response_adhering <- ../biology/tests/test_cleanup.py PASSED [ 39%]
tests/test_cleanup.py::TestNewConversationalPatterns::test_remove_i_trust_this_response <- ../biology/tests/test_cleanup.py PASSED [ 39%]
tests/test_cleanup.py::TestNewConversationalPatterns::test_remove_do_you_have_any_further <- ../biology/tests/test_cleanup.py PASSED [ 40%]
tests/test_cleanup.py::TestDuplicateHeadingRemoval::test_remove_duplicate_headings_same_level <- ../biology/tests/test_cleanup.py PASSED [ 40%]
tests/test_cleanup.py::TestDuplicateHeadingRemoval::test_remove_duplicate_headings_different_levels <- ../biology/tests/test_cleanup.py PASSED [ 40%]
tests/test_cleanup.py::TestDuplicateHeadingRemoval::test_remove_duplicate_headings_case_insensitive <- ../biology/tests/test_cleanup.py PASSED [ 40%]
tests/test_cleanup.py::TestDuplicateHeadingRemoval::test_remove_duplicate_headings_preserves_content <- ../biology/tests/test_cleanup.py PASSED [ 41%]
tests/test_cleanup.py::TestDuplicateHeadingRemoval::test_no_duplicate_headings_unchanged <- ../biology/tests/test_cleanup.py PASSED [ 41%]
tests/test_cleanup.py::TestDuplicateHeadingRemoval::test_duplicate_headings_in_full_cleanup <- ../biology/tests/test_cleanup.py PASSED [ 41%]
tests/test_outline_generator_noninteractive.py::TestNonInteractiveMode::test_noninteractive_mode_defaults <- ../biology/tests/test_outline_generator_noninteractive.py PASSED [ 41%]
tests/test_outline_generator_noninteractive.py::TestNonInteractiveMode::test_session_distribution_calculation <- ../biology/tests/test_outline_generator_noninteractive.py PASSED [ 41%]
tests/test_outline_generator_noninteractive.py::TestModuleCountScenarios::test_module_count_zero <- ../biology/tests/test_outline_generator_noninteractive.py PASSED [ 42%]
tests/test_outline_generator_noninteractive.py::TestModuleCountScenarios::test_module_count_one <- ../biology/tests/test_outline_generator_noninteractive.py PASSED [ 42%]
tests/test_outline_generator_noninteractive.py::TestModuleCountScenarios::test_module_count_hundred <- ../biology/tests/test_outline_generator_noninteractive.py PASSED [ 42%]
tests/test_outline_generator_noninteractive.py::TestModuleCountScenarios::test_uneven_session_distribution <- ../biology/tests/test_outline_generator_noninteractive.py PASSED [ 42%]
tests/test_outline_generator_noninteractive.py::TestOutputStructure::test_json_output_structure_validation <- ../biology/tests/test_outline_generator_noninteractive.py PASSED [ 43%]
tests/test_outline_generator_noninteractive.py::TestOutputStructure::test_markdown_output_formatting <- ../biology/tests/test_outline_generator_noninteractive.py PASSED [ 43%]
tests/test_outline_generator_noninteractive.py::TestMetadataHandling::test_outline_metadata_completeness <- ../biology/tests/test_outline_generator_noninteractive.py PASSED [ 43%]
tests/test_outline_generator_noninteractive.py::TestMetadataHandling::test_timestamp_generation_format <- ../biology/tests/test_outline_generator_noninteractive.py PASSED [ 43%]
tests/test_outline_generator_noninteractive.py::TestSessionContentValidation::test_session_rationale_generation <- ../biology/tests/test_outline_generator_noninteractive.py PASSED [ 44%]
tests/test_outline_generator_noninteractive.py::TestSessionContentValidation::test_learning_objectives_count <- ../biology/tests/test_outline_generator_noninteractive.py PASSED [ 44%]
tests/test_outline_generator_noninteractive.py::TestSessionContentValidation::test_key_concepts_count <- ../biology/tests/test_outline_generator_noninteractive.py PASSED [ 44%]
tests/test_outline_generator_noninteractive.py::TestSessionContentValidation::test_subtopics_count <- ../biology/tests/test_outline_generator_noninteractive.py PASSED [ 44%]
tests/test_outline_generator_noninteractive.py::TestOutlineFileNaming::test_outline_filename_with_timestamp <- ../biology/tests/test_outline_generator_noninteractive.py PASSED [ 44%]
tests/test_outline_generator_noninteractive.py::TestOutlineFileNaming::test_outline_markdown_companion <- ../biology/tests/test_outline_generator_noninteractive.py PASSED [ 45%]
tests/test_outline_generator_noninteractive.py::TestConfigDefaults::test_sessions_per_module_auto_calculate <- ../biology/tests/test_outline_generator_noninteractive.py PASSED [ 45%]
tests/test_outline_generator_noninteractive.py::TestConfigDefaults::test_explicit_sessions_per_module <- ../biology/tests/test_outline_generator_noninteractive.py PASSED [ 45%]
tests/test_outline_generator_noninteractive.py::TestEdgeCaseHandling::test_module_name_with_special_characters <- ../biology/tests/test_outline_generator_noninteractive.py PASSED [ 45%]
tests/test_outline_generator_noninteractive.py::TestEdgeCaseHandling::test_unicode_in_course_content <- ../biology/tests/test_outline_generator_noninteractive.py PASSED [ 46%]
tests/test_content_analysis.py::TestWordCounting::test_count_words_basic <- ../biology/tests/test_content_analysis.py PASSED [ 46%]
tests/test_content_analysis.py::TestWordCounting::test_count_words_multiple_spaces <- ../biology/tests/test_content_analysis.py PASSED [ 46%]
tests/test_content_analysis.py::TestWordCounting::test_count_words_empty <- ../biology/tests/test_content_analysis.py PASSED [ 46%]
tests/test_content_analysis.py::TestStructureCounting::test_count_sections <- ../biology/tests/test_content_analysis.py PASSED [ 47%]
tests/test_content_analysis.py::TestStructureCounting::test_count_subsections <- ../biology/tests/test_content_analysis.py PASSED [ 47%]
tests/test_content_analysis.py::TestContentCounting::test_count_examples <- ../biology/tests/test_content_analysis.py PASSED [ 47%]
tests/test_content_analysis.py::TestContentCounting::test_count_definitions <- ../biology/tests/test_content_analysis.py PASSED [ 47%]
tests/test_content_analysis.py::TestContentCounting::test_count_cross_references <- ../biology/tests/test_content_analysis.py PASSED [ 48%]
tests/test_content_analysis.py::TestLectureAnalysis::test_analyze_lecture_basic <- ../biology/tests/test_content_analysis.py PASSED [ 48%]
tests/test_content_analysis.py::TestLectureAnalysis::test_analyze_lecture_warnings <- ../biology/tests/test_content_analysis.py PASSED [ 48%]
tests/test_content_analysis.py::TestLectureAnalysis::test_analyze_lecture_exact_min_word_count <- ../biology/tests/test_content_analysis.py PASSED [ 48%]
tests/test_content_analysis.py::TestLectureAnalysis::test_analyze_lecture_exact_max_word_count <- ../biology/tests/test_content_analysis.py PASSED [ 48%]
tests/test_content_analysis.py::TestLectureAnalysis::test_analyze_lecture_exceeds_max_word_count <- ../biology/tests/test_content_analysis.py PASSED [ 49%]
tests/test_content_analysis.py::TestLectureAnalysis::test_analyze_lecture_missing_sections <- ../biology/tests/test_content_analysis.py PASSED [ 49%]
tests/test_content_analysis.py::TestLectureAnalysis::test_analyze_lecture_too_many_sections <- ../biology/tests/test_content_analysis.py PASSED [ 49%]
tests/test_content_analysis.py::TestLectureAnalysis::test_analyze_lecture_few_examples <- ../biology/tests/test_content_analysis.py PASSED [ 49%]
tests/test_content_analysis.py::TestLectureAnalysis::test_analyze_lecture_too_many_examples <- ../biology/tests/test_content_analysis.py PASSED [ 50%]
tests/test_content_analysis.py::TestLectureAnalysis::test_analyze_lecture_compliance_status <- ../biology/tests/test_content_analysis.py PASSED [ 50%]
tests/test_content_analysis.py::TestLabAnalysis::test_analyze_lab_basic <- ../biology/tests/test_content_analysis.py PASSED [ 50%]
tests/test_content_analysis.py::TestLabAnalysis::test_analyze_lab_warnings <- ../biology/tests/test_content_analysis.py PASSED [ 50%]
tests/test_content_analysis.py::TestLabAnalysis::test_analyze_lab_no_safety_warnings <- ../biology/tests/test_content_analysis.py PASSED [ 51%]
tests/test_content_analysis.py::TestLabAnalysis::test_analyze_lab_no_tables <- ../biology/tests/test_content_analysis.py PASSED [ 51%]
tests/test_content_analysis.py::TestLabAnalysis::test_analyze_lab_few_procedure_steps <- ../biology/tests/test_content_analysis.py PASSED [ 51%]
tests/test_content_analysis.py::TestLabAnalysis::test_analyze_lab_procedure_step_counting <- ../biology/tests/test_content_analysis.py PASSED [ 51%]
tests/test_content_analysis.py::TestQuestionsAnalysis::test_analyze_questions_actual_format <- ../biology/tests/test_content_analysis.py PASSED [ 51%]
tests/test_content_analysis.py::TestQuestionsAnalysis::test_analyze_questions_basic <- ../biology/tests/test_content_analysis.py PASSED [ 52%]
tests/test_content_analysis.py::TestQuestionsAnalysis::test_analyze_questions_real_content_sample <- ../biology/tests/test_content_analysis.py PASSED [ 52%]
tests/test_content_analysis.py::TestQuestionsAnalysis::test_analyze_questions_no_questions_warning <- ../biology/tests/test_content_analysis.py PASSED [ 52%]
tests/test_content_analysis.py::TestQuestionsAnalysis::test_analyze_questions_missing_answers <- ../biology/tests/test_content_analysis.py PASSED [ 52%]
tests/test_content_analysis.py::TestQuestionsAnalysis::test_analyze_questions_missing_explanations <- ../biology/tests/test_content_analysis.py PASSED [ 53%]
tests/test_content_analysis.py::TestQuestionsAnalysis::test_analyze_questions_multiple_formats <- ../biology/tests/test_content_analysis.py PASSED [ 53%]
tests/test_content_analysis.py::TestQuestionsAnalysis::test_analyze_questions_question_marks <- ../biology/tests/test_content_analysis.py PASSED [ 53%]
tests/test_content_analysis.py::TestQuestionsAnalysis::test_analyze_questions_no_question_marks <- ../biology/tests/test_content_analysis.py PASSED [ 53%]
tests/test_content_analysis.py::TestQuestionsAnalysis::test_analyze_questions_mc_structure_validation <- ../biology/tests/test_content_analysis.py PASSED [ 54%]
tests/test_content_analysis.py::TestQuestionsAnalysis::test_analyze_questions_length_validation <- ../biology/tests/test_content_analysis.py PASSED [ 54%]
tests/test_content_analysis.py::TestQuestionsAnalysis::test_analyze_questions_question_mark_ratio <- ../biology/tests/test_content_analysis.py PASSED [ 54%]
tests/test_content_analysis.py::TestQuestionsAnalysis::test_analyze_questions_mc_option_count_validation <- ../biology/tests/test_content_analysis.py PASSED [ 54%]
tests/test_content_analysis.py::TestQuestionsAnalysis::test_analyze_questions_explanation_length_validation <- ../biology/tests/test_content_analysis.py PASSED [ 55%]
tests/test_content_analysis.py::TestStudyNotesAnalysis::test_analyze_study_notes_basic <- ../biology/tests/test_content_analysis.py PASSED [ 55%]
tests/test_content_analysis.py::TestStudyNotesAnalysis::test_analyze_study_notes_key_concept_formats <- ../biology/tests/test_content_analysis.py PASSED [ 55%]
tests/test_content_analysis.py::TestStudyNotesAnalysis::test_analyze_study_notes_few_key_concepts <- ../biology/tests/test_content_analysis.py PASSED [ 55%]
tests/test_content_analysis.py::TestStudyNotesAnalysis::test_analyze_study_notes_too_many_key_concepts <- ../biology/tests/test_content_analysis.py PASSED [ 55%]
tests/test_content_analysis.py::TestStudyNotesAnalysis::test_analyze_study_notes_word_count_limit <- ../biology/tests/test_content_analysis.py PASSED [ 56%]
tests/test_content_analysis.py::TestStudyNotesAnalysis::test_analyze_study_notes_bullet_point_structure <- ../biology/tests/test_content_analysis.py PASSED [ 56%]
tests/test_content_analysis.py::TestStudyNotesAnalysis::test_analyze_study_notes_with_tables <- ../biology/tests/test_content_analysis.py PASSED [ 56%]
tests/test_content_analysis.py::TestContentStructureValidation::test_markdown_section_hierarchy <- ../biology/tests/test_content_analysis.py PASSED [ 56%]
tests/test_content_analysis.py::TestContentStructureValidation::test_cross_reference_detection <- ../biology/tests/test_content_analysis.py PASSED [ 57%]
tests/test_content_analysis.py::TestContentStructureValidation::test_term_definition_detection <- ../biology/tests/test_content_analysis.py PASSED [ 57%]
tests/test_content_analysis.py::TestMermaidValidation::test_validate_removes_code_fences <- ../biology/tests/test_content_analysis.py PASSED [ 57%]
tests/test_content_analysis.py::TestMermaidValidation::test_validate_removes_style_commands <- ../biology/tests/test_content_analysis.py PASSED [ 57%]
tests/test_content_analysis.py::TestMermaidValidation::test_validate_removes_classdef_commands <- ../biology/tests/test_content_analysis.py PASSED [ 58%]
tests/test_content_analysis.py::TestMermaidValidation::test_validate_removes_multiple_style_commands <- ../biology/tests/test_content_analysis.py PASSED [ 58%]
tests/test_content_analysis.py::TestMermaidValidation::test_validate_removes_style_with_indentation <- ../biology/tests/test_content_analysis.py PASSED [ 58%]
tests/test_content_analysis.py::TestMermaidValidation::test_validate_removes_style_in_complex_diagram <- ../biology/tests/test_content_analysis.py PASSED [ 58%]
tests/test_content_analysis.py::TestMermaidValidation::test_validate_checks_diagram_type <- ../biology/tests/test_content_analysis.py PASSED [ 58%]
tests/test_content_analysis.py::TestMermaidValidation::test_validate_valid_diagram <- ../biology/tests/test_content_analysis.py PASSED [ 59%]
tests/test_content_analysis.py::TestMermaidValidation::test_validate_node_count <- ../biology/tests/test_content_analysis.py PASSED [ 59%]
tests/test_content_analysis.py::TestMermaidValidation::test_validate_connection_count <- ../biology/tests/test_content_analysis.py PASSED [ 59%]
tests/test_content_analysis.py::TestMermaidValidation::test_validate_node_text_length <- ../biology/tests/test_content_analysis.py PASSED [ 59%]
tests/test_content_analysis.py::TestMermaidValidation::test_validate_empty_nodes <- ../biology/tests/test_content_analysis.py PASSED [ 60%]
tests/test_content_analysis.py::TestMermaidCleanup::test_clean_removes_code_fences <- ../biology/tests/test_content_analysis.py PASSED [ 60%]
tests/test_content_analysis.py::TestMermaidCleanup::test_clean_removes_linkstyle <- ../biology/tests/test_content_analysis.py PASSED [ 60%]
tests/test_content_analysis.py::TestMermaidCleanup::test_clean_removes_explanatory_text_after_diagram <- ../biology/tests/test_content_analysis.py PASSED [ 60%]
tests/test_content_analysis.py::TestMermaidCleanup::test_clean_removes_explanatory_text_before_diagram <- ../biology/tests/test_content_analysis.py PASSED [ 61%]
tests/test_content_analysis.py::TestMermaidCleanup::test_clean_removes_style_commands <- ../biology/tests/test_content_analysis.py PASSED [ 61%]
tests/test_content_analysis.py::TestMermaidCleanup::test_clean_preserves_valid_diagram <- ../biology/tests/test_content_analysis.py PASSED [ 61%]
tests/test_content_analysis.py::TestMermaidCleanup::test_clean_handles_complex_diagram_with_linkstyle <- ../biology/tests/test_content_analysis.py PASSED [ 61%]
tests/test_content_analysis.py::TestMermaidCleanup::test_clean_handles_empty_diagram <- ../biology/tests/test_content_analysis.py PASSED [ 62%]
tests/test_content_analysis.py::TestMermaidCleanup::test_clean_integration_with_validate <- ../biology/tests/test_content_analysis.py PASSED [ 62%]
tests/test_content_analysis.py::TestApplicationAnalysis::test_analyze_application_basic <- ../biology/tests/test_content_analysis.py PASSED [ 62%]
tests/test_content_analysis.py::TestApplicationAnalysis::test_analyze_application_warnings <- ../biology/tests/test_content_analysis.py PASSED [ 62%]
tests/test_content_analysis.py::TestExtensionAnalysis::test_analyze_extension_basic <- ../biology/tests/test_content_analysis.py PASSED [ 62%]
tests/test_content_analysis.py::TestExtensionAnalysis::test_analyze_extension_warnings <- ../biology/tests/test_content_analysis.py PASSED [ 63%]
tests/test_content_analysis.py::TestVisualizationAnalysis::test_analyze_visualization_basic <- ../biology/tests/test_content_analysis.py PASSED [ 63%]
tests/test_content_analysis.py::TestVisualizationAnalysis::test_analyze_visualization_warnings <- ../biology/tests/test_content_analysis.py PASSED [ 63%]
tests/test_content_analysis.py::TestIntegrationAnalysis::test_analyze_integration_basic <- ../biology/tests/test_content_analysis.py PASSED [ 63%]
tests/test_content_analysis.py::TestIntegrationAnalysis::test_analyze_integration_warnings <- ../biology/tests/test_content_analysis.py PASSED [ 64%]
tests/test_content_analysis.py::TestInvestigationAnalysis::test_analyze_investigation_basic <- ../biology/tests/test_content_analysis.py PASSED [ 64%]
tests/test_content_analysis.py::TestInvestigationAnalysis::test_analyze_investigation_warnings <- ../biology/tests/test_content_analysis.py PASSED [ 64%]
tests/test_content_analysis.py::TestOpenQuestionsAnalysis::test_analyze_open_questions_basic <- ../biology/tests/test_content_analysis.py PASSED [ 64%]
tests/test_content_analysis.py::TestOpenQuestionsAnalysis::test_analyze_open_questions_warnings <- ../biology/tests/test_content_analysis.py PASSED [ 65%]
tests/test_content_analysis.py::TestContentMetricsLogging::test_log_lecture_metrics <- ../biology/tests/test_content_analysis.py PASSED [ 65%]
tests/test_content_analysis.py::TestContentMetricsLogging::test_log_metrics_with_warnings <- ../biology/tests/test_content_analysis.py PASSED [ 65%]
tests/test_error_collector.py::TestErrorCollector::test_init <- ../biology/tests/test_error_collector.py PASSED [ 65%]
tests/test_error_collector.py::TestErrorCollector::test_add_error_critical <- ../biology/tests/test_error_collector.py PASSED [ 65%]
tests/test_error_collector.py::TestErrorCollector::test_add_error_warning <- ../biology/tests/test_error_collector.py PASSED [ 66%]
tests/test_error_collector.py::TestErrorCollector::test_add_error_info <- ../biology/tests/test_error_collector.py PASSED [ 66%]
tests/test_error_collector.py::TestErrorCollector::test_add_warning <- ../biology/tests/test_error_collector.py PASSED [ 66%]
tests/test_error_collector.py::TestErrorCollector::test_get_all_issues_sorted <- ../biology/tests/test_error_collector.py PASSED [ 66%]
tests/test_error_collector.py::TestErrorCollector::test_get_by_content_type <- ../biology/tests/test_error_collector.py PASSED [ 67%]
tests/test_error_collector.py::TestErrorCollector::test_get_by_type <- ../biology/tests/test_error_collector.py PASSED [ 67%]
tests/test_error_collector.py::TestErrorCollector::test_get_by_context <- ../biology/tests/test_error_collector.py PASSED [ 67%]
tests/test_error_collector.py::TestErrorCollector::test_get_summary <- ../biology/tests/test_error_collector.py PASSED [ 67%]
tests/test_error_collector.py::TestErrorCollector::test_clear <- ../biology/tests/test_error_collector.py PASSED [ 68%]
tests/test_error_collector.py::TestErrorCollector::test_to_dict <- ../biology/tests/test_error_collector.py PASSED [ 68%]
tests/test_error_collector.py::TestErrorCollector::test_bool <- ../biology/tests/test_error_collector.py PASSED [ 68%]
tests/test_error_collector.py::TestErrorCollector::test_len <- ../biology/tests/test_error_collector.py PASSED [ 68%]
tests/test_error_collector.py::TestErrorCollector::test_metadata <- ../biology/tests/test_error_collector.py PASSED [ 68%]
tests/test_summary_generator.py::TestSummaryGenerator::test_categorize_errors_by_type PASSED [ 69%]
tests/test_summary_generator.py::TestSummaryGenerator::test_format_error_list PASSED [ 69%]
tests/test_summary_generator.py::TestSummaryGenerator::test_format_error_list_max_items PASSED [ 69%]
tests/test_summary_generator.py::TestSummaryGenerator::test_generate_validation_summary PASSED [ 69%]
tests/test_summary_generator.py::TestSummaryGenerator::test_generate_stage_summary_success PASSED [ 70%]
tests/test_summary_generator.py::TestSummaryGenerator::test_generate_stage_summary_with_issues FAILED [ 70%]
tests/test_summary_generator.py::TestSummaryGenerator::test_generate_generation_summary FAILED [ 70%]
tests/test_summary_generator.py::TestSummaryGenerator::test_generate_stage_summary_no_items PASSED [ 70%]
tests/test_website_generator.py::TestWebsiteGenerator::test_init_with_config_loader <- ../biology/tests/test_website_generator.py PASSED [ 71%]
tests/test_website_generator.py::TestWebsiteGenerator::test_generate_with_custom_outline_and_output <- ../biology/tests/test_website_generator.py PASSED [ 71%]
tests/test_website_generator.py::TestWebsiteGenerator::test_generate_auto_discovers_outline <- ../biology/tests/test_website_generator.py PASSED [ 71%]
tests/test_website_generator.py::TestWebsiteGenerator::test_generate_raises_file_not_found_no_outline <- ../biology/tests/test_website_generator.py PASSED [ 71%]
tests/test_website_generator.py::TestWebsiteGenerator::test_generate_raises_value_error_empty_modules <- ../biology/tests/test_website_generator.py PASSED [ 72%]
tests/test_website_generator.py::TestWebsiteGenerator::test_generate_handles_missing_content_files <- ../biology/tests/test_website_generator.py PASSED [ 72%]
tests/test_website_generator.py::TestWebsiteGenerator::test_process_module_with_content <- ../biology/tests/test_website_generator.py PASSED [ 72%]
tests/test_website_generator.py::TestWebsiteGenerator::test_process_module_missing_sessions <- ../biology/tests/test_website_generator.py PASSED [ 72%]
tests/test_website_generator.py::TestWebsiteGenerator::test_process_module_partial_content <- ../biology/tests/test_website_generator.py PASSED [ 72%]
tests/test_website_generator.py::TestWebsiteGenerator::test_process_module_with_diagrams <- ../biology/tests/test_website_generator.py PASSED [ 73%]
tests/test_website_generator.py::TestWebsiteGenerator::test_process_module_with_secondary_content <- ../biology/tests/test_website_generator.py PASSED [ 73%]
tests/test_website_content_loader.py::TestContentLoader::test_get_content_types <- ../biology/tests/test_website_content_loader.py PASSED [ 73%]
tests/test_website_content_loader.py::TestContentLoader::test_scan_module_content_valid_structure <- ../biology/tests/test_website_content_loader.py PASSED [ 73%]
tests/test_website_content_loader.py::TestContentLoader::test_scan_module_content_missing_sessions <- ../biology/tests/test_website_content_loader.py PASSED [ 74%]
tests/test_website_content_loader.py::TestContentLoader::test_scan_module_content_partial_content <- ../biology/tests/test_website_content_loader.py PASSED [ 74%]
tests/test_website_content_loader.py::TestContentLoader::test_scan_module_content_nonexistent_directory <- ../biology/tests/test_website_content_loader.py PASSED [ 74%]
tests/test_website_content_loader.py::TestContentLoader::test_scan_module_content_multiple_sessions <- ../biology/tests/test_website_content_loader.py PASSED [ 74%]
tests/test_website_content_loader.py::TestContentLoader::test_scan_module_content_diagram_discovery <- ../biology/tests/test_website_content_loader.py PASSED [ 75%]
tests/test_website_content_loader.py::TestContentLoader::test_scan_module_content_no_diagrams <- ../biology/tests/test_website_content_loader.py PASSED [ 75%]
tests/test_website_content_loader.py::TestContentLoader::test_scan_module_content_secondary_types <- ../biology/tests/test_website_content_loader.py PASSED [ 75%]
tests/test_website_content_loader.py::TestContentLoader::test_scan_module_content_visualization_is_mmd <- ../biology/tests/test_website_content_loader.py PASSED [ 75%]
tests/test_website_content_loader.py::TestContentLoader::test_load_markdown_content_valid_file <- ../biology/tests/test_website_content_loader.py PASSED [ 75%]
tests/test_website_content_loader.py::TestContentLoader::test_load_markdown_content_nonexistent_file <- ../biology/tests/test_website_content_loader.py PASSED [ 76%]
tests/test_website_content_loader.py::TestContentLoader::test_load_markdown_content_with_unicode <- ../biology/tests/test_website_content_loader.py PASSED [ 76%]
tests/test_website_content_loader.py::TestContentLoader::test_load_mermaid_content_valid_file <- ../biology/tests/test_website_content_loader.py PASSED [ 76%]
tests/test_website_content_loader.py::TestContentLoader::test_load_mermaid_content_nonexistent_file <- ../biology/tests/test_website_content_loader.py PASSED [ 76%]
tests/test_website_content_loader.py::TestContentLoader::test_load_mermaid_content_with_special_chars <- ../biology/tests/test_website_content_loader.py PASSED [ 77%]
tests/test_website_content_loader.py::TestContentLoader::test_scan_module_content_sorted_sessions <- ../biology/tests/test_website_content_loader.py PASSED [ 77%]
tests/test_website_content_loader.py::TestContentLoader::test_scan_module_content_ignores_non_session_dirs <- ../biology/tests/test_website_content_loader.py PASSED [ 77%]
tests/test_website_templates.py::TestTemplates::test_markdown_to_html_basic <- ../biology/tests/test_website_templates.py PASSED [ 77%]
tests/test_website_templates.py::TestTemplates::test_markdown_to_html_code_blocks <- ../biology/tests/test_website_templates.py PASSED [ 78%]
tests/test_website_templates.py::TestTemplates::test_markdown_to_html_tables <- ../biology/tests/test_website_templates.py PASSED [ 78%]
tests/test_website_templates.py::TestTemplates::test_markdown_to_html_lists <- ../biology/tests/test_website_templates.py PASSED [ 78%]
tests/test_website_templates.py::TestTemplates::test_markdown_to_html_ordered_lists <- ../biology/tests/test_website_templates.py PASSED [ 78%]
tests/test_website_templates.py::TestTemplates::test_markdown_to_html_graceful_fallback <- ../biology/tests/test_website_templates.py PASSED [ 79%]
tests/test_website_templates.py::TestTemplates::test_escape_html_standard_entities <- ../biology/tests/test_website_templates.py PASSED [ 79%]
tests/test_website_templates.py::TestTemplates::test_escape_html_quotes <- ../biology/tests/test_website_templates.py PASSED [ 79%]
tests/test_website_templates.py::TestTemplates::test_escape_html_empty_string <- ../biology/tests/test_website_templates.py PASSED [ 79%]
tests/test_website_templates.py::TestTemplates::test_escape_html_special_characters <- ../biology/tests/test_website_templates.py PASSED [ 79%]
tests/test_website_templates.py::TestTemplates::test_generate_html_complete_structure <- ../biology/tests/test_website_templates.py PASSED [ 80%]
tests/test_website_templates.py::TestTemplates::test_generate_html_embedded_css <- ../biology/tests/test_website_templates.py PASSED [ 80%]
tests/test_website_templates.py::TestTemplates::test_generate_html_embedded_javascript <- ../biology/tests/test_website_templates.py PASSED [ 80%]
tests/test_website_templates.py::TestTemplates::test_generate_html_modules_serialization <- ../biology/tests/test_website_templates.py PASSED [ 80%]
tests/test_website_templates.py::TestTemplates::test_generate_html_course_metadata <- ../biology/tests/test_website_templates.py PASSED [ 81%]
tests/test_website_templates.py::TestTemplates::test_generate_html_with_timestamp <- ../biology/tests/test_website_templates.py PASSED [ 81%]
tests/test_website_templates.py::TestTemplates::test_generate_html_without_timestamp <- ../biology/tests/test_website_templates.py PASSED [ 81%]
tests/test_website_templates.py::TestTemplates::test_generate_navigation_html_single_module <- ../biology/tests/test_website_templates.py PASSED [ 81%]
tests/test_website_templates.py::TestTemplates::test_generate_navigation_html_multiple_modules <- ../biology/tests/test_website_templates.py PASSED [ 82%]
tests/test_website_templates.py::TestTemplates::test_generate_navigation_html_content_type_detection <- ../biology/tests/test_website_templates.py PASSED [ 82%]
tests/test_website_templates.py::TestTemplates::test_generate_navigation_html_hides_missing_content <- ../biology/tests/test_website_templates.py PASSED [ 82%]
tests/test_website_templates.py::TestTemplates::test_generate_navigation_html_diagram_buttons <- ../biology/tests/test_website_templates.py PASSED [ 82%]
tests/test_website_templates.py::TestTemplates::test_generate_navigation_html_secondary_content <- ../biology/tests/test_website_templates.py PASSED [ 82%]
tests/test_website_templates.py::TestTemplates::test_generate_navigation_html_aria_attributes <- ../biology/tests/test_website_templates.py PASSED [ 83%]
tests/test_website_templates.py::TestTemplates::test_escape_html_preserves_text <- ../biology/tests/test_website_templates.py PASSED [ 83%]
tests/test_website_templates.py::TestTemplates::test_markdown_to_html_headers <- ../biology/tests/test_website_templates.py PASSED [ 83%]
tests/test_website_templates.py::TestTemplates::test_markdown_to_html_links <- ../biology/tests/test_website_templates.py PASSED [ 83%]
tests/test_website_templates.py::TestTemplates::test_generate_html_empty_modules <- ../biology/tests/test_website_templates.py PASSED [ 84%]
tests/test_website_scripts.py::TestScripts::test_get_javascript_returns_string <- ../biology/tests/test_website_scripts.py PASSED [ 84%]
tests/test_website_scripts.py::TestScripts::test_get_javascript_includes_modules_data <- ../biology/tests/test_website_scripts.py PASSED [ 84%]
tests/test_website_scripts.py::TestScripts::test_get_javascript_includes_mermaid_init <- ../biology/tests/test_website_scripts.py PASSED [ 84%]
tests/test_website_scripts.py::TestScripts::test_get_javascript_includes_highlight_init <- ../biology/tests/test_website_scripts.py PASSED [ 85%]
tests/test_website_scripts.py::TestScripts::test_get_javascript_includes_search_functionality <- ../biology/tests/test_website_scripts.py PASSED [ 85%]
tests/test_website_scripts.py::TestScripts::test_get_javascript_includes_dark_mode <- ../biology/tests/test_website_scripts.py PASSED [ 85%]
tests/test_website_scripts.py::TestScripts::test_get_javascript_includes_progress_tracking <- ../biology/tests/test_website_scripts.py PASSED [ 85%]
tests/test_website_scripts.py::TestScripts::test_get_javascript_includes_content_loading <- ../biology/tests/test_website_scripts.py PASSED [ 86%]
tests/test_website_scripts.py::TestScripts::test_get_javascript_includes_toc_generation <- ../biology/tests/test_website_scripts.py PASSED [ 86%]
tests/test_website_scripts.py::TestScripts::test_get_javascript_includes_breadcrumbs <- ../biology/tests/test_website_scripts.py PASSED [ 86%]
tests/test_website_scripts.py::TestScripts::test_get_javascript_includes_keyboard_navigation <- ../biology/tests/test_website_scripts.py PASSED [ 86%]
tests/test_website_scripts.py::TestScripts::test_get_javascript_handles_empty_modules <- ../biology/tests/test_website_scripts.py PASSED [ 86%]
tests/test_website_scripts.py::TestScripts::test_get_javascript_handles_complex_modules <- ../biology/tests/test_website_scripts.py PASSED [ 87%]
tests/test_website_scripts_interaction.py::TestScriptsInteraction::test_content_button_handler_present <- ../biology/tests/test_website_scripts_interaction.py PASSED [ 87%]
tests/test_website_scripts_interaction.py::TestScriptsInteraction::test_module_button_handler_present <- ../biology/tests/test_website_scripts_interaction.py PASSED [ 87%]
tests/test_website_scripts_interaction.py::TestScriptsInteraction::test_session_button_handler_present <- ../biology/tests/test_website_scripts_interaction.py PASSED [ 87%]
tests/test_website_scripts_interaction.py::TestScriptsInteraction::test_event_delegation_uses_sidebar <- ../biology/tests/test_website_scripts_interaction.py PASSED [ 88%]
tests/test_website_scripts_interaction.py::TestScriptsInteraction::test_content_button_handler_checks_first <- ../biology/tests/test_website_scripts_interaction.py PASSED [ 88%]
tests/test_website_scripts_interaction.py::TestScriptsInteraction::test_event_propagation_stopped <- ../biology/tests/test_website_scripts_interaction.py PASSED [ 88%]
tests/test_website_scripts_interaction.py::TestScriptsInteraction::test_content_button_validation <- ../biology/tests/test_website_scripts_interaction.py PASSED [ 88%]
tests/test_website_scripts_interaction.py::TestScriptsInteraction::test_load_content_function_present <- ../biology/tests/test_website_scripts_interaction.py PASSED [ 89%]
tests/test_website_scripts_interaction.py::TestScriptsInteraction::test_unified_event_handler_structure <- ../biology/tests/test_website_scripts_interaction.py PASSED [ 89%]
tests/test_website_scripts_interaction.py::TestScriptsInteraction::test_button_target_checking <- ../biology/tests/test_website_scripts_interaction.py PASSED [ 89%]
tests/test_website_scripts_interaction.py::TestScriptsInteraction::test_content_button_active_class_management <- ../biology/tests/test_website_scripts_interaction.py PASSED [ 89%]
tests/test_website_styles.py::TestStyles::test_get_css_returns_string <- ../biology/tests/test_website_styles.py PASSED [ 89%]
tests/test_website_styles.py::TestStyles::test_get_css_contains_css_variables <- ../biology/tests/test_website_styles.py PASSED [ 90%]
tests/test_website_styles.py::TestStyles::test_get_css_contains_dark_mode <- ../biology/tests/test_website_styles.py PASSED [ 90%]
tests/test_website_styles.py::TestStyles::test_get_css_contains_responsive_design <- ../biology/tests/test_website_styles.py PASSED [ 90%]
tests/test_website_styles.py::TestStyles::test_get_css_contains_print_styles <- ../biology/tests/test_website_styles.py PASSED [ 90%]
tests/test_website_styles.py::TestStyles::test_get_css_contains_key_classes <- ../biology/tests/test_website_styles.py PASSED [ 91%]
tests/test_logging_setup.py::TestSetupLogging::test_setup_logging_defaults <- ../biology/tests/test_logging_setup.py PASSED [ 91%]
tests/test_logging_setup.py::TestSetupLogging::test_setup_logging_different_levels <- ../biology/tests/test_logging_setup.py PASSED [ 91%]
tests/test_logging_setup.py::TestSetupLogging::test_setup_logging_console_only <- ../biology/tests/test_logging_setup.py PASSED [ 91%]
tests/test_logging_setup.py::TestSetupLogging::test_setup_logging_file_only <- ../biology/tests/test_logging_setup.py PASSED [ 92%]
tests/test_logging_setup.py::TestSetupLogging::test_setup_logging_custom_format <- ../biology/tests/test_logging_setup.py PASSED [ 92%]
tests/test_logging_setup.py::TestSetupLogging::test_setup_logging_creates_directory <- ../biology/tests/test_logging_setup.py PASSED [ 92%]
tests/test_logging_setup.py::TestSetupLogging::test_setup_logging_default_directory <- ../biology/tests/test_logging_setup.py PASSED [ 92%]
tests/test_logging_setup.py::TestSetupLogging::test_setup_logging_clears_existing_handlers <- ../biology/tests/test_logging_setup.py PASSED [ 93%]
tests/test_logging_setup.py::TestLogSectionHeader::test_log_section_header_major <- ../biology/tests/test_logging_setup.py PASSED [ 93%]
tests/test_logging_setup.py::TestLogSectionHeader::test_log_section_header_minor <- ../biology/tests/test_logging_setup.py PASSED [ 93%]
tests/test_logging_setup.py::TestLogSectionClean::test_log_section_clean_default_emoji <- ../biology/tests/test_logging_setup.py PASSED [ 93%]
tests/test_logging_setup.py::TestLogSectionClean::test_log_section_clean_custom_emoji <- ../biology/tests/test_logging_setup.py PASSED [ 93%]
tests/test_logging_setup.py::TestLogInfoBox::test_log_info_box_basic <- ../biology/tests/test_logging_setup.py PASSED [ 94%]
tests/test_logging_setup.py::TestLogInfoBox::test_log_info_box_custom_emoji <- ../biology/tests/test_logging_setup.py PASSED [ 94%]
tests/test_logging_setup.py::TestLogInfoBox::test_log_info_box_empty_dict <- ../biology/tests/test_logging_setup.py PASSED [ 94%]
tests/test_logging_setup.py::TestLogStatusItem::test_log_status_item_success <- ../biology/tests/test_logging_setup.py PASSED [ 94%]
tests/test_logging_setup.py::TestLogStatusItem::test_log_status_item_error <- ../biology/tests/test_logging_setup.py PASSED [ 95%]
tests/test_logging_setup.py::TestLogStatusItem::test_log_status_item_warning <- ../biology/tests/test_logging_setup.py PASSED [ 95%]
tests/test_logging_setup.py::TestLogStatusItem::test_log_status_item_info <- ../biology/tests/test_logging_setup.py PASSED [ 95%]
tests/test_logging_setup.py::TestLogStatusItem::test_log_status_item_check <- ../biology/tests/test_logging_setup.py PASSED [ 95%]
tests/test_logging_setup.py::TestLogStatusItem::test_log_status_item_default <- ../biology/tests/test_logging_setup.py PASSED [ 96%]
tests/test_logging_setup.py::TestLogParameters::test_log_parameters_basic <- ../biology/tests/test_logging_setup.py PASSED [ 96%]
tests/test_logging_setup.py::TestLogParameters::test_log_parameters_different_types <- ../biology/tests/test_logging_setup.py PASSED [ 96%]
tests/test_logging_setup.py::TestLogParameters::test_log_parameters_long_string <- ../biology/tests/test_logging_setup.py PASSED [ 96%]
tests/test_logging_setup.py::TestLogParameters::test_log_parameters_empty <- ../biology/tests/test_logging_setup.py PASSED [ 96%]
tests/test_logging_setup.py::TestLogParameters::test_log_parameters_custom_title <- ../biology/tests/test_logging_setup.py PASSED [ 97%]
tests/test_logging_setup.py::TestLogValidationResults::test_log_validation_results_success <- ../biology/tests/test_logging_setup.py PASSED [ 97%]
tests/test_logging_setup.py::TestLogValidationResults::test_log_validation_results_missing_vars <- ../biology/tests/test_logging_setup.py PASSED [ 97%]
tests/test_logging_setup.py::TestLogValidationResults::test_log_validation_results_extra_vars <- ../biology/tests/test_logging_setup.py PASSED [ 97%]
tests/test_logging_setup.py::TestLogValidationResults::test_log_validation_results_both_missing_and_extra <- ../biology/tests/test_logging_setup.py PASSED [ 98%]
tests/test_logging_setup.py::TestLogSummaryBox::test_log_summary_box_success <- ../biology/tests/test_logging_setup.py PASSED [ 98%]
tests/test_logging_setup.py::TestLogSummaryBox::test_log_summary_box_warning <- ../biology/tests/test_logging_setup.py PASSED [ 98%]
tests/test_logging_setup.py::TestLogSummaryBox::test_log_summary_box_error <- ../biology/tests/test_logging_setup.py PASSED [ 98%]
tests/test_logging_setup.py::TestLogSummaryBox::test_log_summary_box_info <- ../biology/tests/test_logging_setup.py PASSED [ 99%]
tests/test_logging_setup.py::TestLogSummaryBox::test_log_summary_box_numeric_formatting <- ../biology/tests/test_logging_setup.py PASSED [ 99%]
tests/test_logging_setup.py::TestGetLoggingConfig::test_get_logging_config_with_valid_config <- ../biology/tests/test_logging_setup.py PASSED [ 99%]
tests/test_logging_setup.py::TestGetLoggingConfig::test_get_logging_config_with_missing_config <- ../biology/tests/test_logging_setup.py PASSED [ 99%]
tests/test_logging_setup.py::TestGetLoggingConfig::test_get_logging_config_with_exception <- ../biology/tests/test_logging_setup.py PASSED [100%]

=================================== FAILURES ===================================
_________ TestSummaryGenerator.test_generate_stage_summary_with_issues _________
tests/test_summary_generator.py:142: in test_generate_stage_summary_with_issues
    with caplog.at_level(logging.INFO, logging.WARNING):
         ^^^^^^^^^^^^^^^^^^^^^^^^^^^^^^^^^^^^^^^^^^^^^^
/opt/homebrew/Cellar/python@3.14/3.14.2/Frameworks/Python.framework/Versions/3.14/lib/python3.14/contextlib.py:141: in __enter__
    return next(self.gen)
           ^^^^^^^^^^^^^^
../../../.venvs/py314/lib/python3.14/site-packages/_pytest/logging.py:565: in at_level
    logger_obj = logging.getLogger(logger)
                 ^^^^^^^^^^^^^^^^^^^^^^^^^
/opt/homebrew/Cellar/python@3.14/3.14.2/Frameworks/Python.framework/Versions/3.14/lib/python3.14/logging/__init__.py:2138: in getLogger
    return Logger.manager.getLogger(name)
           ^^^^^^^^^^^^^^^^^^^^^^^^^^^^^^
/opt/homebrew/Cellar/python@3.14/3.14.2/Frameworks/Python.framework/Versions/3.14/lib/python3.14/logging/__init__.py:1375: in getLogger
    raise TypeError('A logger name must be a string')
E   TypeError: A logger name must be a string
____________ TestSummaryGenerator.test_generate_generation_summary _____________
tests/test_summary_generator.py:177: in test_generate_generation_summary
    with caplog.at_level(logging.INFO, logging.WARNING):
         ^^^^^^^^^^^^^^^^^^^^^^^^^^^^^^^^^^^^^^^^^^^^^^
/opt/homebrew/Cellar/python@3.14/3.14.2/Frameworks/Python.framework/Versions/3.14/lib/python3.14/contextlib.py:141: in __enter__
    return next(self.gen)
           ^^^^^^^^^^^^^^
../../../.venvs/py314/lib/python3.14/site-packages/_pytest/logging.py:565: in at_level
    logger_obj = logging.getLogger(logger)
                 ^^^^^^^^^^^^^^^^^^^^^^^^^
/opt/homebrew/Cellar/python@3.14/3.14.2/Frameworks/Python.framework/Versions/3.14/lib/python3.14/logging/__init__.py:2138: in getLogger
    return Logger.manager.getLogger(name)
           ^^^^^^^^^^^^^^^^^^^^^^^^^^^^^^
/opt/homebrew/Cellar/python@3.14/3.14.2/Frameworks/Python.framework/Versions/3.14/lib/python3.14/logging/__init__.py:1375: in getLogger
    raise TypeError('A logger name must be a string')
E   TypeError: A logger name must be a string
================================ tests coverage ================================
_______________ coverage: platform darwin, python 3.14.2-final-0 _______________

Name                                           Stmts   Miss  Cover   Missing
----------------------------------------------------------------------------
src/config/loader.py                             375    162    57%   100-128, 147-164, 183-185, 200, 242-243, 254-262, 289, 318, 345-346, 353-362, 372-373, 395-396, 405-406, 452-454, 469-471, 524-528, 540-543, 601-603, 611, 626, 650-669, 707-709, 812-821, 835, 855, 861, 866, 879-962, 970-988
src/generate/formats/__init__.py                   9      9     0%   11-43
src/generate/formats/diagrams.py                 134    134     0%   3-320
src/generate/formats/labs.py                      85     85     0%   3-244
src/generate/formats/lectures.py                 117    117     0%   3-316
src/generate/formats/questions.py                156    156     0%   3-367
src/generate/formats/study_notes.py              118    118     0%   3-302
src/generate/orchestration/batch.py              212    212     0%   7-464
src/generate/orchestration/pipeline.py           409    409     0%   6-868
src/generate/processors/cleanup.py               150     15    90%   225-227, 233-234, 238-240, 244-246, 265, 347-350
src/generate/processors/parser.py                105      3    97%   91, 167-168
src/generate/stages/outline_quality.py           172    160     7%   29-32, 45-51, 64-130, 142-196, 209-306, 330-401, 426-475
src/generate/stages/stage1_outline.py            489    464     5%   54-57, 72-143, 154-163, 175-247, 258-322, 333-346, 373-816, 838-852, 875-928, 939-948, 960-985
src/llm/client.py                                400    376     6%   71-92, 105-109, 122-143, 155-156, 182-428, 465-840, 853-855, 871-876, 896-929, 954-965
src/llm/health.py                                102     86    16%   32-34, 49-66, 87-105, 121-135, 147-154, 162-169, 191-236, 252-304
src/llm/request_handler.py                        85     72    15%   42-47, 75-153, 170-196, 216-240, 251-252
src/utils/content_analysis/analyzers.py          459    135    71%   365, 382, 390, 533, 557-558, 565-567, 570-571, 628, 652-653, 660-662, 665-666, 801-802, 869-870, 937-938, 976-1049, 1074-1148, 1166-1210
src/utils/content_analysis/consistency.py         93     84    10%   24-40, 52-116, 139-188, 208-225
src/utils/content_analysis/logging.py            136    112    18%   38-39, 46-195
src/utils/content_analysis/mermaid.py            119      7    94%   145, 180-182, 184-186
src/utils/content_analysis/question_fixes.py      73     73     0%   10-189
src/utils/course_selection.py                     55     55     0%   7-94
src/utils/error_collector.py                     146     68    53%   327-356, 376-422, 433-468, 481-531
src/utils/helpers.py                             122     68    44%   173-174, 188-191, 206, 224-228, 240-243, 252-253, 270-349
src/utils/logging_setup.py                       166     55    67%   192, 196, 287-291, 312-313, 342, 364-408, 421-429, 452-455, 484-485
src/utils/prompt_helpers.py                       93     93     0%   9-203
src/utils/smart_retry.py                         147    147     0%   7-351
src/utils/summary_generator.py                   167     56    66%   117, 146-148, 150-152, 186-187, 191-192, 197-199, 222-230, 236-237, 239-240, 260-307
src/website/content_loader.py                     56      5    91%   76, 133-134, 157-158
src/website/generator.py                          78      3    96%   172-177
src/website/templates.py                          77      4    95%   35-38, 244
----------------------------------------------------------------------------
TOTAL                                           5146   3543    31%

14 files skipped due to complete coverage.
Coverage HTML written to dir htmlcov
============================= slowest 10 durations =============================
4.50s setup    tests/test_config_loader.py::TestConfigLoader::test_init_with_valid_path
0.10s call     tests/test_config_loader.py::TestConfigLoader::test_outline_discovery_prefers_recent
0.05s call     tests/test_cleanup.py::TestLargeContentHandling::test_very_long_content_100kb
0.01s call     tests/test_config_loader.py::TestConfigLoader::test_outline_discovery_multiple_locations
0.01s call     tests/test_website_templates.py::TestTemplates::test_markdown_to_html_code_blocks
0.01s call     tests/test_website_generator.py::TestWebsiteGenerator::test_process_module_with_content
0.00s setup    tests/test_config_loader.py::TestConfigLoader::test_get_course_defaults
0.00s setup    tests/test_config_loader.py::TestConfigLoader::test_get_llm_parameters
0.00s setup    tests/test_config_loader.py::TestConfigLoader::test_load_llm_config
0.00s setup    tests/test_config_loader.py::TestConfigLoader::test_get_prompt_template_not_found
=========================== short test summary info ============================
FAILED tests/test_summary_generator.py::TestSummaryGenerator::test_generate_stage_summary_with_issues - TypeError: A logger name must be a string
FAILED tests/test_summary_generator.py::TestSummaryGenerator::test_generate_generation_summary - TypeError: A logger name must be a string
======================== 2 failed, 427 passed in 5.74s =========================